commenting out line Lines { lines: 163..=165 } in "delegation_map_v.rs"
verus failed, reverting
commenting out line Lines { lines: 167..=169 } in "delegation_map_v.rs"
verus failed, reverting
commenting out line Lines { lines: 191..=191 } in "delegation_map_v.rs"
verus succeeded with time: 13345ms
commenting out line Lines { lines: 193..=193 } in "delegation_map_v.rs"
verus succeeded with time: 14986ms
commenting out line Lines { lines: 187..=195 } in "delegation_map_v.rs"
verus succeeded with time: 19124ms
commenting out line Lines { lines: 263..=263 } in "delegation_map_v.rs"
verus succeeded with time: 19365ms
commenting out line Lines { lines: 268..=268 } in "delegation_map_v.rs"
verus succeeded with time: 13740ms
commenting out line Lines { lines: 260..=270 } in "delegation_map_v.rs"
verus succeeded with time: 15404ms
commenting out line Lines { lines: 276..=276 } in "delegation_map_v.rs"
verus succeeded with time: 13441ms
commenting out line Lines { lines: 271..=278 } in "delegation_map_v.rs"
verus succeeded with time: 13412ms
commenting out line Lines { lines: 308..=310 } in "delegation_map_v.rs"
verus failed, reverting
commenting out line Lines { lines: 314..=314 } in "delegation_map_v.rs"
verus succeeded with time: 15315ms
commenting out line Lines { lines: 320..=320 } in "delegation_map_v.rs"
verus failed, reverting
commenting out line Lines { lines: 322..=322 } in "delegation_map_v.rs"
verus succeeded with time: 14669ms
commenting out line Lines { lines: 315..=325 } in "delegation_map_v.rs"
verus failed, reverting
commenting out line Lines { lines: 311..=327 } in "delegation_map_v.rs"
verus failed, reverting
commenting out line Lines { lines: 614..=614 } in "delegation_map_v.rs"
verus failed, reverting
commenting out line Lines { lines: 621..=621 } in "delegation_map_v.rs"
verus failed, reverting
commenting out line Lines { lines: 717..=724 } in "delegation_map_v.rs"
verus failed, reverting
commenting out line Lines { lines: 729..=734 } in "delegation_map_v.rs"
verus failed, reverting
commenting out line Lines { lines: 710..=741 } in "delegation_map_v.rs"
verus failed, reverting
commenting out line Lines { lines: 767..=778 } in "delegation_map_v.rs"
verus failed, reverting
commenting out line Lines { lines: 804..=810 } in "delegation_map_v.rs"
verus failed, reverting
commenting out line Lines { lines: 817..=820 } in "delegation_map_v.rs"
verus failed, reverting
commenting out line Lines { lines: 821..=821 } in "delegation_map_v.rs"
verus failed, reverting
commenting out line Lines { lines: 822..=824 } in "delegation_map_v.rs"
verus failed, reverting
commenting out line Lines { lines: 828..=831 } in "delegation_map_v.rs"
verus failed, reverting
commenting out line Lines { lines: 832..=832 } in "delegation_map_v.rs"
verus failed, reverting
commenting out line Lines { lines: 833..=836 } in "delegation_map_v.rs"
verus failed, reverting
commenting out line Lines { lines: 841..=843 } in "delegation_map_v.rs"
verus failed, reverting
commenting out line Lines { lines: 905..=907 } in "delegation_map_v.rs"
verus failed, reverting
commenting out line Lines { lines: 920..=935 } in "delegation_map_v.rs"
verus failed, reverting
commenting out line Lines { lines: 936..=973 } in "delegation_map_v.rs"
verus failed, reverting
commenting out line Lines { lines: 988..=1008 } in "delegation_map_v.rs"
verus failed, reverting
commenting out line Lines { lines: 974..=1010 } in "delegation_map_v.rs"
verus failed, reverting
commenting out line Lines { lines: 1130..=1132 } in "delegation_map_v.rs"
verus failed, reverting
commenting out line Lines { lines: 1141..=1143 } in "delegation_map_v.rs"
verus failed, reverting
commenting out line Lines { lines: 1133..=1145 } in "delegation_map_v.rs"
verus failed, reverting
commenting out line Lines { lines: 1173..=1173 } in "delegation_map_v.rs"
verus failed, reverting
commenting out line Lines { lines: 1188..=1191 } in "delegation_map_v.rs"
verus failed, reverting
commenting out line Lines { lines: 1176..=1192 } in "delegation_map_v.rs"
verus failed, reverting
commenting out line Lines { lines: 1205..=1255 } in "delegation_map_v.rs"
verus succeeded with time: 12940ms
commenting out line Lines { lines: 1282..=1282 } in "delegation_map_v.rs"
verus failed, reverting
commenting out line Lines { lines: 1283..=1283 } in "delegation_map_v.rs"
verus failed, reverting
commenting out line Lines { lines: 1291..=1291 } in "delegation_map_v.rs"
verus failed, reverting
commenting out line Lines { lines: 1204..=1310 } in "delegation_map_v.rs"
verus failed, reverting
commenting out line Lines { lines: 1313..=1313 } in "delegation_map_v.rs"
verus failed, reverting
commenting out line Lines { lines: 1314..=1314 } in "delegation_map_v.rs"
verus failed, reverting
commenting out line Lines { lines: 1146..=1323 } in "delegation_map_v.rs"
verus failed, reverting
commenting out line Lines { lines: 1325..=1327 } in "delegation_map_v.rs"
verus failed, reverting
commenting out line Lines { lines: 1406..=1408 } in "delegation_map_v.rs"
verus failed, reverting
commenting out line Lines { lines: 1412..=1414 } in "delegation_map_v.rs"
verus failed, reverting
commenting out line Lines { lines: 1432..=1434 } in "delegation_map_v.rs"
verus failed, reverting
commenting out line Lines { lines: 1459..=1461 } in "delegation_map_v.rs"
verus failed, reverting
commenting out line Lines { lines: 1483..=1485 } in "delegation_map_v.rs"
verus failed, reverting
commenting out line Lines { lines: 1511..=1511 } in "delegation_map_v.rs"
verus failed, reverting
commenting out line Lines { lines: 1516..=1516 } in "delegation_map_v.rs"
verus failed, reverting
commenting out line Lines { lines: 1520..=1520 } in "delegation_map_v.rs"
verus failed, reverting
commenting out line Lines { lines: 1518..=1521 } in "delegation_map_v.rs"
verus failed, reverting
commenting out line Lines { lines: 1539..=1539 } in "delegation_map_v.rs"
verus failed, reverting
commenting out line Lines { lines: 1554..=1554 } in "delegation_map_v.rs"
verus failed, reverting
commenting out line Lines { lines: 1555..=1555 } in "delegation_map_v.rs"
verus failed, reverting
commenting out line Lines { lines: 1575..=1575 } in "delegation_map_v.rs"
verus failed, reverting
commenting out line Lines { lines: 1576..=1576 } in "delegation_map_v.rs"
verus failed, reverting
commenting out line Lines { lines: 1573..=1577 } in "delegation_map_v.rs"
verus failed, reverting
commenting out line Lines { lines: 1586..=1586 } in "delegation_map_v.rs"
verus failed, reverting
commenting out line Lines { lines: 1589..=1589 } in "delegation_map_v.rs"
verus failed, reverting
commenting out line Lines { lines: 1590..=1590 } in "delegation_map_v.rs"
verus failed, reverting
commenting out line Lines { lines: 1587..=1591 } in "delegation_map_v.rs"
verus failed, reverting
commenting out line Lines { lines: 1618..=1618 } in "delegation_map_v.rs"
verus failed, reverting
commenting out line Lines { lines: 1619..=1619 } in "delegation_map_v.rs"
verus failed, reverting
commenting out line Lines { lines: 1616..=1620 } in "delegation_map_v.rs"
verus failed, reverting
commenting out line Lines { lines: 1653..=1653 } in "delegation_map_v.rs"
verus failed, reverting
commenting out line Lines { lines: 1662..=1662 } in "delegation_map_v.rs"
verus failed, reverting
commenting out line Lines { lines: 1660..=1663 } in "delegation_map_v.rs"
verus failed, reverting
commenting out line Lines { lines: 1666..=1666 } in "delegation_map_v.rs"
verus failed, reverting
commenting out line Lines { lines: 1667..=1667 } in "delegation_map_v.rs"
verus failed, reverting
commenting out line Lines { lines: 1664..=1668 } in "delegation_map_v.rs"
verus failed, reverting
commenting out line Lines { lines: 1704..=1704 } in "delegation_map_v.rs"
verus failed, reverting
commenting out line Lines { lines: 314..=314 } in "host_impl_v.rs"
verus failed, reverting
commenting out line Lines { lines: 482..=482 } in "host_impl_v.rs"
verus failed, reverting
commenting out line Lines { lines: 480..=484 } in "host_impl_v.rs"
verus failed, reverting
commenting out line Lines { lines: 487..=487 } in "host_impl_v.rs"
verus failed, reverting
commenting out line Lines { lines: 485..=489 } in "host_impl_v.rs"
verus failed, reverting
commenting out line Lines { lines: 470..=492 } in "host_impl_v.rs"
verus failed, reverting
commenting out line Lines { lines: 493..=499 } in "host_impl_v.rs"
verus failed, reverting
commenting out line Lines { lines: 503..=503 } in "host_impl_v.rs"
verus failed, reverting
commenting out line Lines { lines: 502..=504 } in "host_impl_v.rs"
verus failed, reverting
commenting out line Lines { lines: 500..=506 } in "host_impl_v.rs"
verus failed, reverting
commenting out line Lines { lines: 510..=510 } in "host_impl_v.rs"
verus failed, reverting
commenting out line Lines { lines: 507..=511 } in "host_impl_v.rs"
verus failed, reverting
commenting out line Lines { lines: 570..=571 } in "host_impl_v.rs"
verus failed, reverting
commenting out line Lines { lines: 590..=590 } in "host_impl_v.rs"
verus failed, reverting
commenting out line Lines { lines: 592..=592 } in "host_impl_v.rs"
verus failed, reverting
commenting out line Lines { lines: 596..=597 } in "host_impl_v.rs"
verus failed, reverting
commenting out line Lines { lines: 605..=605 } in "host_impl_v.rs"
verus failed, reverting
commenting out line Lines { lines: 617..=617 } in "host_impl_v.rs"
verus failed, reverting
commenting out line Lines { lines: 749..=749 } in "host_impl_v.rs"
verus failed, reverting
commenting out line Lines { lines: 753..=753 } in "host_impl_v.rs"
verus failed, reverting
commenting out line Lines { lines: 788..=788 } in "host_impl_v.rs"
verus failed, reverting
commenting out line Lines { lines: 815..=815 } in "host_impl_v.rs"
verus failed, reverting
commenting out line Lines { lines: 827..=827 } in "host_impl_v.rs"
verus failed, reverting
commenting out line Lines { lines: 1085..=1085 } in "host_impl_v.rs"
verus failed, reverting
commenting out line Lines { lines: 1134..=1134 } in "host_impl_v.rs"
verus succeeded with time: 11447ms
commenting out line Lines { lines: 1137..=1142 } in "host_impl_v.rs"
verus failed, reverting
commenting out line Lines { lines: 1150..=1150 } in "host_impl_v.rs"
verus failed, reverting
commenting out line Lines { lines: 1151..=1156 } in "host_impl_v.rs"
verus failed, reverting
commenting out line Lines { lines: 1202..=1208 } in "host_impl_v.rs"
verus failed, reverting
commenting out line Lines { lines: 1225..=1227 } in "host_impl_v.rs"
verus failed, reverting
commenting out line Lines { lines: 1265..=1270 } in "host_impl_v.rs"
verus failed, reverting
commenting out line Lines { lines: 1318..=1318 } in "host_impl_v.rs"
verus failed, reverting
commenting out line Lines { lines: 1322..=1322 } in "host_impl_v.rs"
verus failed, reverting
commenting out line Lines { lines: 1329..=1329 } in "host_impl_v.rs"
verus failed, reverting
commenting out line Lines { lines: 1332..=1332 } in "host_impl_v.rs"
verus failed, reverting
commenting out line Lines { lines: 1431..=1431 } in "host_impl_v.rs"
verus failed, reverting
commenting out line Lines { lines: 1434..=1434 } in "host_impl_v.rs"
verus failed, reverting
commenting out line Lines { lines: 1436..=1436 } in "host_impl_v.rs"
verus failed, reverting
commenting out line Lines { lines: 1455..=1455 } in "host_impl_v.rs"
verus failed, reverting
commenting out line Lines { lines: 1492..=1496 } in "host_impl_v.rs"
verus failed, reverting
commenting out line Lines { lines: 1502..=1504 } in "host_impl_v.rs"
verus failed, reverting
commenting out line Lines { lines: 1536..=1538 } in "host_impl_v.rs"
verus failed, reverting
commenting out line Lines { lines: 1540..=1542 } in "host_impl_v.rs"
verus failed, reverting
commenting out line Lines { lines: 1551..=1551 } in "host_impl_v.rs"
verus failed, reverting
commenting out line Lines { lines: 1554..=1554 } in "host_impl_v.rs"
verus failed, reverting
commenting out line Lines { lines: 1756..=1756 } in "host_impl_v.rs"
verus failed, reverting
commenting out line Lines { lines: 1754..=1757 } in "host_impl_v.rs"
verus failed, reverting
commenting out line Lines { lines: 1770..=1770 } in "host_impl_v.rs"
verus failed, reverting
commenting out line Lines { lines: 1769..=1771 } in "host_impl_v.rs"
verus failed, reverting
commenting out line Lines { lines: 1772..=1772 } in "host_impl_v.rs"
verus failed, reverting
commenting out line Lines { lines: 1774..=1774 } in "host_impl_v.rs"
verus failed, reverting
commenting out line Lines { lines: 1800..=1801 } in "host_impl_v.rs"
verus failed, reverting
commenting out line Lines { lines: 1807..=1808 } in "host_impl_v.rs"
verus failed, reverting
commenting out line Lines { lines: 1821..=1821 } in "host_impl_v.rs"
verus failed, reverting
commenting out line Lines { lines: 177..=177 } in "keys_t.rs"
verus failed, reverting
commenting out line Lines { lines: 189..=189 } in "keys_t.rs"
verus failed, reverting
commenting out line Lines { lines: 116..=116 } in "marshal_ironsht_specific_v.rs"
verus failed, reverting
commenting out line Lines { lines: 216..=216 } in "marshal_ironsht_specific_v.rs"
verus failed, reverting
commenting out line Lines { lines: 232..=233 } in "marshal_ironsht_specific_v.rs"
verus failed, reverting
commenting out line Lines { lines: 263..=263 } in "marshal_ironsht_specific_v.rs"
verus failed, reverting
commenting out line Lines { lines: 256..=266 } in "marshal_ironsht_specific_v.rs"
verus failed, reverting
commenting out line Lines { lines: 283..=283 } in "marshal_ironsht_specific_v.rs"
verus failed, reverting
commenting out line Lines { lines: 277..=285 } in "marshal_ironsht_specific_v.rs"
verus failed, reverting
commenting out line Lines { lines: 287..=287 } in "marshal_ironsht_specific_v.rs"
verus failed, reverting
commenting out line Lines { lines: 270..=288 } in "marshal_ironsht_specific_v.rs"
verus failed, reverting
commenting out line Lines { lines: 303..=303 } in "marshal_ironsht_specific_v.rs"
verus failed, reverting
commenting out line Lines { lines: 305..=305 } in "marshal_ironsht_specific_v.rs"
verus failed, reverting
commenting out line Lines { lines: 290..=307 } in "marshal_ironsht_specific_v.rs"
verus failed, reverting
commenting out line Lines { lines: 148..=148 } in "marshal_v.rs"
verus failed, reverting
commenting out line Lines { lines: 149..=149 } in "marshal_v.rs"
verus failed, reverting
commenting out line Lines { lines: 169..=169 } in "marshal_v.rs"
verus failed, reverting
commenting out line Lines { lines: 171..=171 } in "marshal_v.rs"
verus failed, reverting
commenting out line Lines { lines: 172..=172 } in "marshal_v.rs"
verus failed, reverting
commenting out line Lines { lines: 170..=173 } in "marshal_v.rs"
verus failed, reverting
commenting out line Lines { lines: 178..=178 } in "marshal_v.rs"
verus failed, reverting
commenting out line Lines { lines: 207..=207 } in "marshal_v.rs"
verus failed, reverting
commenting out line Lines { lines: 244..=244 } in "marshal_v.rs"
verus failed, reverting
commenting out line Lines { lines: 306..=306 } in "marshal_v.rs"
verus failed, reverting
commenting out line Lines { lines: 336..=336 } in "marshal_v.rs"
verus failed, reverting
commenting out line Lines { lines: 356..=356 } in "marshal_v.rs"
verus failed, reverting
commenting out line Lines { lines: 358..=358 } in "marshal_v.rs"
verus failed, reverting
commenting out line Lines { lines: 359..=359 } in "marshal_v.rs"
verus failed, reverting
commenting out line Lines { lines: 357..=360 } in "marshal_v.rs"
verus failed, reverting
commenting out line Lines { lines: 365..=365 } in "marshal_v.rs"
verus failed, reverting
commenting out line Lines { lines: 424..=424 } in "marshal_v.rs"
verus failed, reverting
commenting out line Lines { lines: 425..=425 } in "marshal_v.rs"
verus failed, reverting
commenting out line Lines { lines: 427..=427 } in "marshal_v.rs"
verus failed, reverting
commenting out line Lines { lines: 428..=428 } in "marshal_v.rs"
verus failed, reverting
commenting out line Lines { lines: 429..=429 } in "marshal_v.rs"
verus failed, reverting
commenting out line Lines { lines: 431..=431 } in "marshal_v.rs"
verus failed, reverting
commenting out line Lines { lines: 432..=432 } in "marshal_v.rs"
verus failed, reverting
commenting out line Lines { lines: 444..=444 } in "marshal_v.rs"
verus failed, reverting
commenting out line Lines { lines: 445..=445 } in "marshal_v.rs"
verus failed, reverting
commenting out line Lines { lines: 504..=504 } in "marshal_v.rs"
verus failed, reverting
commenting out line Lines { lines: 505..=505 } in "marshal_v.rs"
verus failed, reverting
commenting out line Lines { lines: 512..=512 } in "marshal_v.rs"
verus failed, reverting
commenting out line Lines { lines: 513..=513 } in "marshal_v.rs"
verus failed, reverting
commenting out line Lines { lines: 517..=517 } in "marshal_v.rs"
verus failed, reverting
commenting out line Lines { lines: 518..=518 } in "marshal_v.rs"
verus failed, reverting
commenting out line Lines { lines: 543..=543 } in "marshal_v.rs"
verus failed, reverting
commenting out line Lines { lines: 553..=553 } in "marshal_v.rs"
verus failed, reverting
commenting out line Lines { lines: 557..=557 } in "marshal_v.rs"
verus failed, reverting
commenting out line Lines { lines: 558..=558 } in "marshal_v.rs"
verus failed, reverting
commenting out line Lines { lines: 575..=575 } in "marshal_v.rs"
verus failed, reverting
commenting out line Lines { lines: 576..=576 } in "marshal_v.rs"
verus failed, reverting
commenting out line Lines { lines: 584..=584 } in "marshal_v.rs"
verus failed, reverting
commenting out line Lines { lines: 602..=604 } in "marshal_v.rs"
verus failed, reverting
commenting out line Lines { lines: 627..=627 } in "marshal_v.rs"
verus failed, reverting
commenting out line Lines { lines: 649..=649 } in "marshal_v.rs"
verus succeeded with time: 13513ms
commenting out line Lines { lines: 646..=651 } in "marshal_v.rs"
verus succeeded with time: 12250ms
commenting out line Lines { lines: 656..=656 } in "marshal_v.rs"
verus failed, reverting
commenting out line Lines { lines: 672..=672 } in "marshal_v.rs"
verus failed, reverting
commenting out line Lines { lines: 674..=674 } in "marshal_v.rs"
verus failed, reverting
commenting out line Lines { lines: 661..=675 } in "marshal_v.rs"
verus failed, reverting
commenting out line Lines { lines: 698..=698 } in "marshal_v.rs"
verus failed, reverting
commenting out line Lines { lines: 712..=712 } in "marshal_v.rs"
verus failed, reverting
commenting out line Lines { lines: 719..=719 } in "marshal_v.rs"
verus failed, reverting
commenting out line Lines { lines: 720..=720 } in "marshal_v.rs"
verus failed, reverting
commenting out line Lines { lines: 737..=737 } in "marshal_v.rs"
verus failed, reverting
commenting out line Lines { lines: 738..=738 } in "marshal_v.rs"
verus failed, reverting
commenting out line Lines { lines: 775..=775 } in "marshal_v.rs"
verus failed, reverting
commenting out line Lines { lines: 786..=786 } in "marshal_v.rs"
verus failed, reverting
commenting out line Lines { lines: 788..=792 } in "marshal_v.rs"
verus failed, reverting
commenting out line Lines { lines: 793..=796 } in "marshal_v.rs"
verus failed, reverting
commenting out line Lines { lines: 776..=797 } in "marshal_v.rs"
verus failed, reverting
commenting out line Lines { lines: 802..=802 } in "marshal_v.rs"
verus failed, reverting
commenting out line Lines { lines: 822..=822 } in "marshal_v.rs"
verus failed, reverting
commenting out line Lines { lines: 865..=865 } in "marshal_v.rs"
verus failed, reverting
commenting out line Lines { lines: 850..=867 } in "marshal_v.rs"
verus failed, reverting
commenting out line Lines { lines: 875..=875 } in "marshal_v.rs"
verus failed, reverting
commenting out line Lines { lines: 869..=876 } in "marshal_v.rs"
verus failed, reverting
commenting out line Lines { lines: 878..=880 } in "marshal_v.rs"
verus failed, reverting
commenting out line Lines { lines: 882..=884 } in "marshal_v.rs"
verus failed, reverting
commenting out line Lines { lines: 893..=893 } in "marshal_v.rs"
verus failed, reverting
commenting out line Lines { lines: 894..=894 } in "marshal_v.rs"
verus failed, reverting
commenting out line Lines { lines: 895..=895 } in "marshal_v.rs"
verus failed, reverting
commenting out line Lines { lines: 900..=900 } in "marshal_v.rs"
verus failed, reverting
commenting out line Lines { lines: 908..=908 } in "marshal_v.rs"
verus failed, reverting
commenting out line Lines { lines: 914..=914 } in "marshal_v.rs"
verus failed, reverting
commenting out line Lines { lines: 910..=915 } in "marshal_v.rs"
verus failed, reverting
commenting out line Lines { lines: 920..=920 } in "marshal_v.rs"
verus failed, reverting
commenting out line Lines { lines: 916..=924 } in "marshal_v.rs"
verus failed, reverting
commenting out line Lines { lines: 926..=926 } in "marshal_v.rs"
verus failed, reverting
commenting out line Lines { lines: 925..=927 } in "marshal_v.rs"
verus failed, reverting
commenting out line Lines { lines: 909..=928 } in "marshal_v.rs"
verus failed, reverting
commenting out line Lines { lines: 934..=934 } in "marshal_v.rs"
verus failed, reverting
commenting out line Lines { lines: 930..=935 } in "marshal_v.rs"
verus failed, reverting
commenting out line Lines { lines: 940..=940 } in "marshal_v.rs"
verus failed, reverting
commenting out line Lines { lines: 936..=944 } in "marshal_v.rs"
verus failed, reverting
commenting out line Lines { lines: 946..=946 } in "marshal_v.rs"
verus failed, reverting
commenting out line Lines { lines: 945..=947 } in "marshal_v.rs"
verus failed, reverting
commenting out line Lines { lines: 929..=948 } in "marshal_v.rs"
verus failed, reverting
commenting out line Lines { lines: 953..=953 } in "marshal_v.rs"
verus failed, reverting
commenting out line Lines { lines: 951..=955 } in "marshal_v.rs"
verus failed, reverting
commenting out line Lines { lines: 950..=957 } in "marshal_v.rs"
verus failed, reverting
commenting out line Lines { lines: 973..=973 } in "marshal_v.rs"
verus failed, reverting
commenting out line Lines { lines: 991..=994 } in "marshal_v.rs"
verus failed, reverting
commenting out line Lines { lines: 1002..=1004 } in "marshal_v.rs"
verus failed, reverting
commenting out line Lines { lines: 988..=1007 } in "marshal_v.rs"
verus failed, reverting
commenting out line Lines { lines: 1010..=1012 } in "marshal_v.rs"
verus failed, reverting
commenting out line Lines { lines: 1008..=1014 } in "marshal_v.rs"
verus failed, reverting
commenting out line Lines { lines: 1021..=1022 } in "marshal_v.rs"
verus failed, reverting
commenting out line Lines { lines: 1073..=1073 } in "marshal_v.rs"
verus failed, reverting
commenting out line Lines { lines: 1078..=1078 } in "marshal_v.rs"
verus failed, reverting
commenting out line Lines { lines: 1093..=1093 } in "marshal_v.rs"
verus failed, reverting
commenting out line Lines { lines: 1114..=1114 } in "marshal_v.rs"
verus failed, reverting
commenting out line Lines { lines: 1117..=1117 } in "marshal_v.rs"
verus failed, reverting
commenting out line Lines { lines: 1134..=1134 } in "marshal_v.rs"
verus failed, reverting
commenting out line Lines { lines: 1137..=1137 } in "marshal_v.rs"
verus failed, reverting
commenting out line Lines { lines: 1155..=1156 } in "marshal_v.rs"
verus failed, reverting
commenting out line Lines { lines: 165..=165 } in "net_sht_v.rs"
verus failed, reverting
commenting out line Lines { lines: 408..=408 } in "net_sht_v.rs"
verus failed, reverting
commenting out line Lines { lines: 403..=410 } in "net_sht_v.rs"
verus failed, reverting
commenting out line Lines { lines: 420..=420 } in "net_sht_v.rs"
verus failed, reverting
commenting out line Lines { lines: 88..=88 } in "seq_is_unique_v.rs"
verus failed, reverting
commenting out line Lines { lines: 89..=89 } in "seq_is_unique_v.rs"
verus failed, reverting
commenting out line Lines { lines: 85..=91 } in "seq_is_unique_v.rs"
verus failed, reverting
commenting out line Lines { lines: 98..=100 } in "seq_is_unique_v.rs"
verus failed, reverting
commenting out line Lines { lines: 114..=114 } in "seq_is_unique_v.rs"
verus failed, reverting
commenting out line Lines { lines: 164..=164 } in "seq_is_unique_v.rs"
verus succeeded with time: 11135ms
commenting out line Lines { lines: 161..=167 } in "seq_is_unique_v.rs"
verus succeeded with time: 11282ms
commenting out line Lines { lines: 146..=146 } in "single_delivery_model_v.rs"
verus failed, reverting
commenting out line Lines { lines: 151..=151 } in "single_delivery_model_v.rs"
verus failed, reverting
commenting out line Lines { lines: 240..=240 } in "single_delivery_model_v.rs"
verus failed, reverting
commenting out line Lines { lines: 234..=242 } in "single_delivery_model_v.rs"
verus failed, reverting
commenting out line Lines { lines: 247..=247 } in "single_delivery_model_v.rs"
verus failed, reverting
commenting out line Lines { lines: 244..=249 } in "single_delivery_model_v.rs"
verus failed, reverting
commenting out line Lines { lines: 274..=274 } in "single_delivery_model_v.rs"
verus failed, reverting
commenting out line Lines { lines: 319..=321 } in "single_delivery_model_v.rs"
verus failed, reverting
commenting out line Lines { lines: 332..=332 } in "single_delivery_model_v.rs"
verus failed, reverting
commenting out line Lines { lines: 379..=379 } in "single_delivery_model_v.rs"
verus failed, reverting
commenting out line Lines { lines: 455..=486 } in "single_delivery_model_v.rs"
verus failed, reverting
commenting out line Lines { lines: 449..=490 } in "single_delivery_model_v.rs"
verus failed, reverting
commenting out line Lines { lines: 491..=493 } in "single_delivery_model_v.rs"
verus failed, reverting
commenting out line Lines { lines: 503..=503 } in "single_delivery_model_v.rs"
verus failed, reverting
commenting out line Lines { lines: 524..=525 } in "single_delivery_model_v.rs"
verus failed, reverting
commenting out line Lines { lines: 571..=571 } in "single_delivery_model_v.rs"
verus failed, reverting
commenting out line Lines { lines: 165..=165 } in "single_delivery_state_v.rs"
verus succeeded with time: 12737ms
commenting out line Lines { lines: 171..=171 } in "single_delivery_state_v.rs"
verus failed, reverting
commenting out line Lines { lines: 187..=187 } in "single_delivery_state_v.rs"
verus failed, reverting
commenting out line Lines { lines: 233..=233 } in "single_delivery_state_v.rs"
verus failed, reverting
commenting out line Lines { lines: 369..=369 } in "single_delivery_state_v.rs"
verus failed, reverting
commenting out line Lines { lines: 14..=14 } in "verus_extra/seq_lib_v.rs"
verus failed, reverting
commenting out line Lines { lines: 91..=93 } in "verus_extra/seq_lib_v.rs"
verus failed, reverting
commenting out line Lines { lines: 163..=163 } in "verus_extra/seq_lib_v.rs"
verus failed, reverting
commenting out line Lines { lines: 204..=204 } in "verus_extra/seq_lib_v.rs"
verus failed, reverting
commenting out line Lines { lines: 207..=207 } in "verus_extra/seq_lib_v.rs"
verus failed, reverting
commenting out line Lines { lines: 211..=211 } in "verus_extra/seq_lib_v.rs"
verus failed, reverting
commenting out line Lines { lines: 249..=249 } in "verus_extra/seq_lib_v.rs"
verus failed, reverting
commenting out line Lines { lines: 250..=250 } in "verus_extra/seq_lib_v.rs"
verus failed, reverting
commenting out line Lines { lines: 263..=263 } in "verus_extra/seq_lib_v.rs"
verus failed, reverting
commenting out line Lines { lines: 57..=60 } in "verus_extra/set_lib_ext_v.rs"
verus failed, reverting
commenting out line Lines { lines: 81..=84 } in "verus_extra/set_lib_ext_v.rs"
verus failed, reverting
commenting out line Lines { lines: 103..=106 } in "verus_extra/set_lib_ext_v.rs"
verus failed, reverting
commenting out line Lines { lines: 129..=129 } in "verus_extra/set_lib_ext_v.rs"
verus failed, reverting
commenting out line Lines { lines: 125..=131 } in "verus_extra/set_lib_ext_v.rs"
verus succeeded with time: 11579ms
commenting out line Lines { lines: 136..=136 } in "verus_extra/set_lib_ext_v.rs"
verus failed, reverting
commenting out line Lines { lines: 138..=138 } in "verus_extra/set_lib_ext_v.rs"
verus failed, reverting
commenting out line Lines { lines: 132..=140 } in "verus_extra/set_lib_ext_v.rs"
verus failed, reverting
commenting out line Lines { lines: 191..=193 } in "verus_extra/set_lib_ext_v.rs"
verus failed, reverting
commenting out line Lines { lines: 205..=205 } in "verus_extra/set_lib_ext_v.rs"
verus failed, reverting
commenting out line Lines { lines: 208..=208 } in "verus_extra/set_lib_ext_v.rs"
verus failed, reverting
commenting out line Lines { lines: 201..=210 } in "verus_extra/set_lib_ext_v.rs"
verus failed, reverting
commenting out line Lines { lines: 218..=220 } in "verus_extra/set_lib_ext_v.rs"
verus failed, reverting
commenting out line Lines { lines: 271..=273 } in "verus_extra/set_lib_ext_v.rs"
verus failed, reverting
commenting out line Lines { lines: 281..=281 } in "verus_extra/set_lib_ext_v.rs"
verus failed, reverting
commenting out line Lines { lines: 280..=282 } in "verus_extra/set_lib_ext_v.rs"
verus failed, reverting
commenting out line Lines { lines: 296..=296 } in "verus_extra/set_lib_ext_v.rs"
verus failed, reverting
commenting out line Lines { lines: 295..=297 } in "verus_extra/set_lib_ext_v.rs"
verus failed, reverting
