Found 640 of assert/assert_forall
commenting out line Lines { lines: 229..=244 } in "cmessage_v.rs"
verus succeeded with time: 6529ms
commenting out line Lines { lines: 160..=162 } in "delegation_map_v.rs"
verus failed, reverting
commenting out line Lines { lines: 164..=166 } in "delegation_map_v.rs"
verus failed, reverting
commenting out line Lines { lines: 185..=185 } in "delegation_map_v.rs"
verus succeeded with time: 6630ms
commenting out line Lines { lines: 188..=188 } in "delegation_map_v.rs"
verus failed, reverting
commenting out line Lines { lines: 190..=190 } in "delegation_map_v.rs"
verus failed, reverting
commenting out line Lines { lines: 184..=192 } in "delegation_map_v.rs"
verus failed, reverting
commenting out line Lines { lines: 260..=260 } in "delegation_map_v.rs"
verus failed, reverting
commenting out line Lines { lines: 262..=262 } in "delegation_map_v.rs"
verus succeeded with time: 6878ms
commenting out line Lines { lines: 263..=263 } in "delegation_map_v.rs"
verus succeeded with time: 7084ms
commenting out line Lines { lines: 265..=265 } in "delegation_map_v.rs"
verus failed, reverting
commenting out line Lines { lines: 257..=267 } in "delegation_map_v.rs"
verus failed, reverting
commenting out line Lines { lines: 273..=273 } in "delegation_map_v.rs"
verus failed, reverting
commenting out line Lines { lines: 268..=275 } in "delegation_map_v.rs"
verus failed, reverting
commenting out line Lines { lines: 305..=307 } in "delegation_map_v.rs"
verus failed, reverting
commenting out line Lines { lines: 311..=311 } in "delegation_map_v.rs"
verus failed, reverting
commenting out line Lines { lines: 317..=317 } in "delegation_map_v.rs"
verus failed, reverting
commenting out line Lines { lines: 319..=319 } in "delegation_map_v.rs"
verus failed, reverting
commenting out line Lines { lines: 312..=322 } in "delegation_map_v.rs"
verus failed, reverting
commenting out line Lines { lines: 308..=324 } in "delegation_map_v.rs"
verus failed, reverting
commenting out line Lines { lines: 608..=608 } in "delegation_map_v.rs"
verus succeeded with time: 8283ms
commenting out line Lines { lines: 610..=610 } in "delegation_map_v.rs"
verus succeeded with time: 8234ms
commenting out line Lines { lines: 611..=611 } in "delegation_map_v.rs"
verus failed, reverting
commenting out line Lines { lines: 614..=614 } in "delegation_map_v.rs"
verus succeeded with time: 6796ms
commenting out line Lines { lines: 618..=618 } in "delegation_map_v.rs"
verus failed, reverting
commenting out line Lines { lines: 714..=721 } in "delegation_map_v.rs"
verus failed, reverting
commenting out line Lines { lines: 722..=722 } in "delegation_map_v.rs"
verus succeeded with time: 15404ms
commenting out line Lines { lines: 726..=731 } in "delegation_map_v.rs"
verus failed, reverting
commenting out line Lines { lines: 732..=732 } in "delegation_map_v.rs"
verus succeeded with time: 9565ms
commenting out line Lines { lines: 707..=738 } in "delegation_map_v.rs"
verus failed, reverting
commenting out line Lines { lines: 766..=766 } in "delegation_map_v.rs"
verus succeeded with time: 8677ms
commenting out line Lines { lines: 773..=773 } in "delegation_map_v.rs"
verus succeeded with time: 8482ms
commenting out line Lines { lines: 764..=775 } in "delegation_map_v.rs"
verus failed, reverting
commenting out line Lines { lines: 801..=807 } in "delegation_map_v.rs"
verus failed, reverting
commenting out line Lines { lines: 814..=817 } in "delegation_map_v.rs"
verus failed, reverting
commenting out line Lines { lines: 818..=818 } in "delegation_map_v.rs"
verus failed, reverting
commenting out line Lines { lines: 819..=821 } in "delegation_map_v.rs"
verus failed, reverting
commenting out line Lines { lines: 825..=828 } in "delegation_map_v.rs"
verus failed, reverting
commenting out line Lines { lines: 829..=829 } in "delegation_map_v.rs"
verus failed, reverting
commenting out line Lines { lines: 831..=831 } in "delegation_map_v.rs"
verus succeeded with time: 7899ms
commenting out line Lines { lines: 830..=833 } in "delegation_map_v.rs"
verus failed, reverting
commenting out line Lines { lines: 838..=840 } in "delegation_map_v.rs"
verus failed, reverting
commenting out line Lines { lines: 902..=904 } in "delegation_map_v.rs"
verus failed, reverting
commenting out line Lines { lines: 913..=913 } in "delegation_map_v.rs"
verus succeeded with time: 7506ms
commenting out line Lines { lines: 917..=932 } in "delegation_map_v.rs"
verus failed, reverting
commenting out line Lines { lines: 933..=970 } in "delegation_map_v.rs"
verus failed, reverting
commenting out line Lines { lines: 986..=986 } in "delegation_map_v.rs"
verus succeeded with time: 13625ms
commenting out line Lines { lines: 998..=998 } in "delegation_map_v.rs"
verus succeeded with time: 7626ms
commenting out line Lines { lines: 1000..=1000 } in "delegation_map_v.rs"
verus succeeded with time: 12907ms
commenting out line Lines { lines: 1002..=1002 } in "delegation_map_v.rs"
verus succeeded with time: 10420ms
commenting out line Lines { lines: 985..=1005 } in "delegation_map_v.rs"
verus failed, reverting
commenting out line Lines { lines: 971..=1007 } in "delegation_map_v.rs"
verus failed, reverting
commenting out line Lines { lines: 1076..=1076 } in "delegation_map_v.rs"
verus succeeded with time: 9082ms
commenting out line Lines { lines: 1078..=1078 } in "delegation_map_v.rs"
verus succeeded with time: 9212ms
commenting out line Lines { lines: 1080..=1082 } in "delegation_map_v.rs"
verus succeeded with time: 9568ms
commenting out line Lines { lines: 1127..=1129 } in "delegation_map_v.rs"
verus failed, reverting
commenting out line Lines { lines: 1138..=1140 } in "delegation_map_v.rs"
verus failed, reverting
commenting out line Lines { lines: 1130..=1142 } in "delegation_map_v.rs"
verus failed, reverting
commenting out line Lines { lines: 1151..=1151 } in "delegation_map_v.rs"
verus succeeded with time: 8136ms
commenting out line Lines { lines: 1165..=1165 } in "delegation_map_v.rs"
verus succeeded with time: 10575ms
commenting out line Lines { lines: 1167..=1167 } in "delegation_map_v.rs"
verus succeeded with time: 15119ms
commenting out line Lines { lines: 1168..=1168 } in "delegation_map_v.rs"
verus succeeded with time: 14559ms
commenting out line Lines { lines: 1169..=1169 } in "delegation_map_v.rs"
verus succeeded with time: 8002ms
commenting out line Lines { lines: 1170..=1170 } in "delegation_map_v.rs"
verus failed, reverting
commenting out line Lines { lines: 1171..=1171 } in "delegation_map_v.rs"
verus succeeded with time: 9585ms
commenting out line Lines { lines: 1172..=1172 } in "delegation_map_v.rs"
verus succeeded with time: 7667ms
commenting out line Lines { lines: 1179..=1183 } in "delegation_map_v.rs"
verus succeeded with time: 7649ms
commenting out line Lines { lines: 1185..=1188 } in "delegation_map_v.rs"
verus failed, reverting
commenting out line Lines { lines: 1173..=1189 } in "delegation_map_v.rs"
verus failed, reverting
commenting out line Lines { lines: 1190..=1190 } in "delegation_map_v.rs"
verus succeeded with time: 8059ms
commenting out line Lines { lines: 1197..=1197 } in "delegation_map_v.rs"
verus succeeded with time: 7740ms
commenting out line Lines { lines: 1198..=1198 } in "delegation_map_v.rs"
verus succeeded with time: 8251ms
commenting out line Lines { lines: 1199..=1199 } in "delegation_map_v.rs"
verus succeeded with time: 7815ms
commenting out line Lines { lines: 1222..=1222 } in "delegation_map_v.rs"
verus succeeded with time: 7472ms
commenting out line Lines { lines: 1236..=1236 } in "delegation_map_v.rs"
verus succeeded with time: 7416ms
commenting out line Lines { lines: 1237..=1237 } in "delegation_map_v.rs"
verus succeeded with time: 7631ms
commenting out line Lines { lines: 1238..=1238 } in "delegation_map_v.rs"
verus succeeded with time: 7097ms
commenting out line Lines { lines: 1250..=1250 } in "delegation_map_v.rs"
verus succeeded with time: 7369ms
commenting out line Lines { lines: 1202..=1252 } in "delegation_map_v.rs"
verus failed, reverting
commenting out line Lines { lines: 1258..=1258 } in "delegation_map_v.rs"
verus succeeded with time: 12491ms
commenting out line Lines { lines: 1259..=1259 } in "delegation_map_v.rs"
verus succeeded with time: 9657ms
commenting out line Lines { lines: 1260..=1260 } in "delegation_map_v.rs"
verus succeeded with time: 10296ms
commenting out line Lines { lines: 1262..=1262 } in "delegation_map_v.rs"
verus succeeded with time: 9396ms
commenting out line Lines { lines: 1263..=1263 } in "delegation_map_v.rs"
verus succeeded with time: 9044ms
commenting out line Lines { lines: 1264..=1264 } in "delegation_map_v.rs"
verus succeeded with time: 7651ms
commenting out line Lines { lines: 1266..=1266 } in "delegation_map_v.rs"
verus succeeded with time: 11075ms
commenting out line Lines { lines: 1270..=1270 } in "delegation_map_v.rs"
verus succeeded with time: 8718ms
commenting out line Lines { lines: 1271..=1271 } in "delegation_map_v.rs"
verus succeeded with time: 8693ms
commenting out line Lines { lines: 1275..=1275 } in "delegation_map_v.rs"
verus succeeded with time: 9830ms
commenting out line Lines { lines: 1279..=1279 } in "delegation_map_v.rs"
verus failed, reverting
commenting out line Lines { lines: 1280..=1280 } in "delegation_map_v.rs"
verus failed, reverting
commenting out line Lines { lines: 1281..=1281 } in "delegation_map_v.rs"
verus succeeded with time: 17866ms
commenting out line Lines { lines: 1284..=1284 } in "delegation_map_v.rs"
verus succeeded with time: 7959ms
commenting out line Lines { lines: 1285..=1285 } in "delegation_map_v.rs"
verus succeeded with time: 8789ms
commenting out line Lines { lines: 1286..=1286 } in "delegation_map_v.rs"
verus succeeded with time: 8521ms
commenting out line Lines { lines: 1287..=1287 } in "delegation_map_v.rs"
verus succeeded with time: 10289ms
commenting out line Lines { lines: 1288..=1288 } in "delegation_map_v.rs"
verus failed, reverting
commenting out line Lines { lines: 1289..=1289 } in "delegation_map_v.rs"
verus succeeded with time: 14697ms
commenting out line Lines { lines: 1290..=1290 } in "delegation_map_v.rs"
verus succeeded with time: 27934ms
commenting out line Lines { lines: 1291..=1291 } in "delegation_map_v.rs"
verus succeeded with time: 11474ms
commenting out line Lines { lines: 1294..=1294 } in "delegation_map_v.rs"
verus succeeded with time: 11545ms
commenting out line Lines { lines: 1295..=1295 } in "delegation_map_v.rs"
verus succeeded with time: 10285ms
commenting out line Lines { lines: 1304..=1304 } in "delegation_map_v.rs"
verus succeeded with time: 9171ms
commenting out line Lines { lines: 1305..=1305 } in "delegation_map_v.rs"
verus succeeded with time: 11631ms
commenting out line Lines { lines: 1201..=1307 } in "delegation_map_v.rs"
verus failed, reverting
commenting out line Lines { lines: 1310..=1310 } in "delegation_map_v.rs"
verus failed, reverting
commenting out line Lines { lines: 1311..=1311 } in "delegation_map_v.rs"
verus failed, reverting
commenting out line Lines { lines: 1312..=1312 } in "delegation_map_v.rs"
verus succeeded with time: 9589ms
commenting out line Lines { lines: 1313..=1313 } in "delegation_map_v.rs"
verus succeeded with time: 12708ms
commenting out line Lines { lines: 1314..=1314 } in "delegation_map_v.rs"
verus succeeded with time: 24377ms
commenting out line Lines { lines: 1315..=1315 } in "delegation_map_v.rs"
verus succeeded with time: 19097ms
commenting out line Lines { lines: 1316..=1316 } in "delegation_map_v.rs"
verus succeeded with time: 21691ms
commenting out line Lines { lines: 1317..=1317 } in "delegation_map_v.rs"
verus succeeded with time: 19308ms
commenting out line Lines { lines: 1143..=1320 } in "delegation_map_v.rs"
verus failed, reverting
commenting out line Lines { lines: 1322..=1324 } in "delegation_map_v.rs"
verus failed, reverting
commenting out line Lines { lines: 1326..=1329 } in "delegation_map_v.rs"
verus succeeded with time: 14959ms
commenting out line Lines { lines: 1403..=1405 } in "delegation_map_v.rs"
verus failed, reverting
commenting out line Lines { lines: 1409..=1411 } in "delegation_map_v.rs"
verus failed, reverting
commenting out line Lines { lines: 1412..=1412 } in "delegation_map_v.rs"
verus succeeded with time: 11609ms
commenting out line Lines { lines: 1429..=1431 } in "delegation_map_v.rs"
verus failed, reverting
commenting out line Lines { lines: 1456..=1458 } in "delegation_map_v.rs"
verus failed, reverting
commenting out line Lines { lines: 1459..=1459 } in "delegation_map_v.rs"
verus succeeded with time: 8412ms
commenting out line Lines { lines: 1466..=1468 } in "delegation_map_v.rs"
verus succeeded with time: 9277ms
commenting out line Lines { lines: 1474..=1476 } in "delegation_map_v.rs"
verus succeeded with time: 8867ms
commenting out line Lines { lines: 1478..=1478 } in "delegation_map_v.rs"
verus succeeded with time: 8692ms
commenting out line Lines { lines: 1480..=1482 } in "delegation_map_v.rs"
verus failed, reverting
commenting out line Lines { lines: 1486..=1486 } in "delegation_map_v.rs"
verus succeeded with time: 8464ms
commenting out line Lines { lines: 1490..=1490 } in "delegation_map_v.rs"
verus succeeded with time: 7144ms
commenting out line Lines { lines: 1494..=1494 } in "delegation_map_v.rs"
verus succeeded with time: 8839ms
commenting out line Lines { lines: 1502..=1502 } in "delegation_map_v.rs"
verus succeeded with time: 8614ms
commenting out line Lines { lines: 1503..=1503 } in "delegation_map_v.rs"
verus succeeded with time: 11978ms
commenting out line Lines { lines: 1504..=1504 } in "delegation_map_v.rs"
verus succeeded with time: 10587ms
commenting out line Lines { lines: 1505..=1505 } in "delegation_map_v.rs"
verus succeeded with time: 8300ms
commenting out line Lines { lines: 1506..=1506 } in "delegation_map_v.rs"
verus succeeded with time: 9360ms
commenting out line Lines { lines: 1507..=1507 } in "delegation_map_v.rs"
verus succeeded with time: 10030ms
commenting out line Lines { lines: 1508..=1508 } in "delegation_map_v.rs"
verus failed, reverting
commenting out line Lines { lines: 1512..=1512 } in "delegation_map_v.rs"
verus succeeded with time: 7971ms
commenting out line Lines { lines: 1513..=1513 } in "delegation_map_v.rs"
verus failed, reverting
commenting out line Lines { lines: 1517..=1517 } in "delegation_map_v.rs"
verus failed, reverting
commenting out line Lines { lines: 1515..=1518 } in "delegation_map_v.rs"
verus failed, reverting
commenting out line Lines { lines: 1523..=1523 } in "delegation_map_v.rs"
verus succeeded with time: 7741ms
commenting out line Lines { lines: 1526..=1526 } in "delegation_map_v.rs"
verus succeeded with time: 7817ms
commenting out line Lines { lines: 1527..=1527 } in "delegation_map_v.rs"
verus succeeded with time: 9026ms
commenting out line Lines { lines: 1529..=1529 } in "delegation_map_v.rs"
verus succeeded with time: 7395ms
commenting out line Lines { lines: 1533..=1533 } in "delegation_map_v.rs"
verus succeeded with time: 7503ms
commenting out line Lines { lines: 1535..=1535 } in "delegation_map_v.rs"
verus succeeded with time: 7532ms
commenting out line Lines { lines: 1536..=1536 } in "delegation_map_v.rs"
verus failed, reverting
commenting out line Lines { lines: 1537..=1537 } in "delegation_map_v.rs"
verus succeeded with time: 8676ms
commenting out line Lines { lines: 1543..=1543 } in "delegation_map_v.rs"
verus succeeded with time: 7478ms
commenting out line Lines { lines: 1545..=1545 } in "delegation_map_v.rs"
verus succeeded with time: 7796ms
commenting out line Lines { lines: 1549..=1549 } in "delegation_map_v.rs"
verus succeeded with time: 7556ms
commenting out line Lines { lines: 1551..=1551 } in "delegation_map_v.rs"
verus failed, reverting
commenting out line Lines { lines: 1552..=1552 } in "delegation_map_v.rs"
verus failed, reverting
commenting out line Lines { lines: 1553..=1553 } in "delegation_map_v.rs"
verus succeeded with time: 7751ms
commenting out line Lines { lines: 1559..=1560 } in "delegation_map_v.rs"
verus succeeded with time: 7652ms
commenting out line Lines { lines: 1565..=1565 } in "delegation_map_v.rs"
verus succeeded with time: 7622ms
commenting out line Lines { lines: 1569..=1569 } in "delegation_map_v.rs"
verus succeeded with time: 7375ms
commenting out line Lines { lines: 1572..=1572 } in "delegation_map_v.rs"
verus failed, reverting
commenting out line Lines { lines: 1573..=1573 } in "delegation_map_v.rs"
verus failed, reverting
commenting out line Lines { lines: 1570..=1574 } in "delegation_map_v.rs"
verus failed, reverting
commenting out line Lines { lines: 1580..=1580 } in "delegation_map_v.rs"
verus succeeded with time: 10747ms
commenting out line Lines { lines: 1583..=1583 } in "delegation_map_v.rs"
verus failed, reverting
commenting out line Lines { lines: 1586..=1586 } in "delegation_map_v.rs"
verus failed, reverting
commenting out line Lines { lines: 1587..=1587 } in "delegation_map_v.rs"
verus failed, reverting
commenting out line Lines { lines: 1584..=1588 } in "delegation_map_v.rs"
verus failed, reverting
commenting out line Lines { lines: 1594..=1594 } in "delegation_map_v.rs"
verus succeeded with time: 8649ms
commenting out line Lines { lines: 1595..=1595 } in "delegation_map_v.rs"
verus succeeded with time: 8156ms
commenting out line Lines { lines: 1596..=1596 } in "delegation_map_v.rs"
verus succeeded with time: 9697ms
commenting out line Lines { lines: 1593..=1597 } in "delegation_map_v.rs"
verus succeeded with time: 9795ms
commenting out line Lines { lines: 1604..=1604 } in "delegation_map_v.rs"
verus succeeded with time: 10878ms
commenting out line Lines { lines: 1609..=1609 } in "delegation_map_v.rs"
verus succeeded with time: 8711ms
commenting out line Lines { lines: 1612..=1612 } in "delegation_map_v.rs"
verus succeeded with time: 8103ms
commenting out line Lines { lines: 1615..=1615 } in "delegation_map_v.rs"
verus failed, reverting
commenting out line Lines { lines: 1616..=1616 } in "delegation_map_v.rs"
verus failed, reverting
commenting out line Lines { lines: 1613..=1617 } in "delegation_map_v.rs"
verus failed, reverting
commenting out line Lines { lines: 1623..=1623 } in "delegation_map_v.rs"
verus succeeded with time: 10228ms
commenting out line Lines { lines: 1624..=1624 } in "delegation_map_v.rs"
verus succeeded with time: 7795ms
commenting out line Lines { lines: 1625..=1625 } in "delegation_map_v.rs"
verus succeeded with time: 7570ms
commenting out line Lines { lines: 1622..=1626 } in "delegation_map_v.rs"
verus succeeded with time: 7484ms
commenting out line Lines { lines: 1644..=1644 } in "delegation_map_v.rs"
verus succeeded with time: 7162ms
commenting out line Lines { lines: 1645..=1645 } in "delegation_map_v.rs"
verus succeeded with time: 7218ms
commenting out line Lines { lines: 1646..=1646 } in "delegation_map_v.rs"
verus succeeded with time: 7318ms
commenting out line Lines { lines: 1647..=1647 } in "delegation_map_v.rs"
verus succeeded with time: 7262ms
commenting out line Lines { lines: 1648..=1648 } in "delegation_map_v.rs"
verus succeeded with time: 7221ms
commenting out line Lines { lines: 1649..=1649 } in "delegation_map_v.rs"
verus succeeded with time: 7153ms
commenting out line Lines { lines: 1650..=1650 } in "delegation_map_v.rs"
verus failed, reverting
commenting out line Lines { lines: 1654..=1654 } in "delegation_map_v.rs"
verus succeeded with time: 6900ms
commenting out line Lines { lines: 1659..=1659 } in "delegation_map_v.rs"
verus failed, reverting
commenting out line Lines { lines: 1657..=1660 } in "delegation_map_v.rs"
verus failed, reverting
commenting out line Lines { lines: 1663..=1663 } in "delegation_map_v.rs"
verus failed, reverting
commenting out line Lines { lines: 1664..=1664 } in "delegation_map_v.rs"
verus failed, reverting
commenting out line Lines { lines: 1661..=1665 } in "delegation_map_v.rs"
verus failed, reverting
commenting out line Lines { lines: 1697..=1697 } in "delegation_map_v.rs"
verus succeeded with time: 7083ms
commenting out line Lines { lines: 1696..=1698 } in "delegation_map_v.rs"
verus succeeded with time: 7146ms
commenting out line Lines { lines: 1701..=1701 } in "delegation_map_v.rs"
verus failed, reverting
commenting out line Lines { lines: 189..=189 } in "host_impl_v.rs"
verus succeeded with time: 7071ms
commenting out line Lines { lines: 190..=190 } in "host_impl_v.rs"
verus succeeded with time: 6940ms
commenting out line Lines { lines: 191..=191 } in "host_impl_v.rs"
verus succeeded with time: 7046ms
commenting out line Lines { lines: 192..=192 } in "host_impl_v.rs"
verus succeeded with time: 7082ms
commenting out line Lines { lines: 193..=193 } in "host_impl_v.rs"
verus succeeded with time: 6956ms
commenting out line Lines { lines: 312..=312 } in "host_impl_v.rs"
verus failed, reverting
commenting out line Lines { lines: 356..=356 } in "host_impl_v.rs"
verus succeeded with time: 7179ms
commenting out line Lines { lines: 361..=361 } in "host_impl_v.rs"
verus succeeded with time: 7357ms
commenting out line Lines { lines: 376..=376 } in "host_impl_v.rs"
verus succeeded with time: 6897ms
commenting out line Lines { lines: 377..=377 } in "host_impl_v.rs"
verus succeeded with time: 6840ms
commenting out line Lines { lines: 378..=378 } in "host_impl_v.rs"
verus succeeded with time: 6881ms
commenting out line Lines { lines: 379..=379 } in "host_impl_v.rs"
verus succeeded with time: 7295ms
commenting out line Lines { lines: 380..=380 } in "host_impl_v.rs"
verus succeeded with time: 6894ms
commenting out line Lines { lines: 381..=381 } in "host_impl_v.rs"
verus succeeded with time: 7373ms
commenting out line Lines { lines: 382..=382 } in "host_impl_v.rs"
verus succeeded with time: 6897ms
commenting out line Lines { lines: 384..=388 } in "host_impl_v.rs"
verus succeeded with time: 7117ms
commenting out line Lines { lines: 408..=408 } in "host_impl_v.rs"
verus succeeded with time: 7065ms
commenting out line Lines { lines: 421..=421 } in "host_impl_v.rs"
verus succeeded with time: 7099ms
commenting out line Lines { lines: 422..=422 } in "host_impl_v.rs"
verus succeeded with time: 7102ms
commenting out line Lines { lines: 426..=426 } in "host_impl_v.rs"
verus succeeded with time: 7366ms
commenting out line Lines { lines: 423..=427 } in "host_impl_v.rs"
verus succeeded with time: 7317ms
commenting out line Lines { lines: 428..=428 } in "host_impl_v.rs"
verus succeeded with time: 7039ms
commenting out line Lines { lines: 471..=471 } in "host_impl_v.rs"
verus succeeded with time: 7991ms
commenting out line Lines { lines: 476..=476 } in "host_impl_v.rs"
verus succeeded with time: 7629ms
commenting out line Lines { lines: 477..=477 } in "host_impl_v.rs"
verus succeeded with time: 7344ms
commenting out line Lines { lines: 480..=480 } in "host_impl_v.rs"
verus failed, reverting
commenting out line Lines { lines: 481..=481 } in "host_impl_v.rs"
verus succeeded with time: 7086ms
commenting out line Lines { lines: 478..=482 } in "host_impl_v.rs"
verus failed, reverting
commenting out line Lines { lines: 485..=485 } in "host_impl_v.rs"
verus failed, reverting
commenting out line Lines { lines: 486..=486 } in "host_impl_v.rs"
verus succeeded with time: 7051ms
commenting out line Lines { lines: 483..=487 } in "host_impl_v.rs"
verus failed, reverting
commenting out line Lines { lines: 468..=490 } in "host_impl_v.rs"
verus failed, reverting
commenting out line Lines { lines: 494..=494 } in "host_impl_v.rs"
verus succeeded with time: 7016ms
commenting out line Lines { lines: 491..=497 } in "host_impl_v.rs"
verus failed, reverting
commenting out line Lines { lines: 501..=501 } in "host_impl_v.rs"
verus failed, reverting
commenting out line Lines { lines: 500..=502 } in "host_impl_v.rs"
verus failed, reverting
commenting out line Lines { lines: 498..=504 } in "host_impl_v.rs"
verus failed, reverting
commenting out line Lines { lines: 507..=507 } in "host_impl_v.rs"
verus succeeded with time: 7347ms
commenting out line Lines { lines: 508..=508 } in "host_impl_v.rs"
verus failed, reverting
commenting out line Lines { lines: 505..=509 } in "host_impl_v.rs"
verus failed, reverting
commenting out line Lines { lines: 511..=511 } in "host_impl_v.rs"
verus succeeded with time: 7076ms
commenting out line Lines { lines: 510..=512 } in "host_impl_v.rs"
verus succeeded with time: 6930ms
commenting out line Lines { lines: 568..=569 } in "host_impl_v.rs"
verus failed, reverting
commenting out line Lines { lines: 570..=570 } in "host_impl_v.rs"
verus succeeded with time: 6948ms
commenting out line Lines { lines: 587..=587 } in "host_impl_v.rs"
verus succeeded with time: 6966ms
commenting out line Lines { lines: 588..=588 } in "host_impl_v.rs"
verus failed, reverting
commenting out line Lines { lines: 590..=590 } in "host_impl_v.rs"
verus failed, reverting
commenting out line Lines { lines: 591..=591 } in "host_impl_v.rs"
verus succeeded with time: 6976ms
commenting out line Lines { lines: 592..=593 } in "host_impl_v.rs"
verus succeeded with time: 6858ms
commenting out line Lines { lines: 594..=595 } in "host_impl_v.rs"
verus failed, reverting
commenting out line Lines { lines: 596..=596 } in "host_impl_v.rs"
verus succeeded with time: 7289ms
commenting out line Lines { lines: 601..=601 } in "host_impl_v.rs"
verus succeeded with time: 6888ms
commenting out line Lines { lines: 603..=603 } in "host_impl_v.rs"
verus failed, reverting
commenting out line Lines { lines: 611..=611 } in "host_impl_v.rs"
verus succeeded with time: 6921ms
commenting out line Lines { lines: 615..=615 } in "host_impl_v.rs"
verus failed, reverting
commenting out line Lines { lines: 616..=616 } in "host_impl_v.rs"
verus succeeded with time: 6947ms
commenting out line Lines { lines: 706..=706 } in "host_impl_v.rs"
verus failed, reverting
commenting out line Lines { lines: 707..=707 } in "host_impl_v.rs"
verus succeeded with time: 6973ms
commenting out line Lines { lines: 703..=708 } in "host_impl_v.rs"
verus succeeded with time: 7334ms
commenting out line Lines { lines: 712..=712 } in "host_impl_v.rs"
verus failed, reverting
commenting out line Lines { lines: 710..=714 } in "host_impl_v.rs"
verus succeeded with time: 7020ms
commenting out line Lines { lines: 716..=716 } in "host_impl_v.rs"
verus succeeded with time: 6854ms
commenting out line Lines { lines: 718..=718 } in "host_impl_v.rs"
verus succeeded with time: 7085ms
commenting out line Lines { lines: 722..=722 } in "host_impl_v.rs"
verus succeeded with time: 7096ms
commenting out line Lines { lines: 735..=735 } in "host_impl_v.rs"
verus succeeded with time: 6906ms
commenting out line Lines { lines: 739..=739 } in "host_impl_v.rs"
verus succeeded with time: 7218ms
commenting out line Lines { lines: 747..=747 } in "host_impl_v.rs"
verus failed, reverting
commenting out line Lines { lines: 751..=751 } in "host_impl_v.rs"
verus failed, reverting
commenting out line Lines { lines: 752..=752 } in "host_impl_v.rs"
verus succeeded with time: 6792ms
commenting out line Lines { lines: 786..=786 } in "host_impl_v.rs"
verus failed, reverting
commenting out line Lines { lines: 787..=789 } in "host_impl_v.rs"
verus succeeded with time: 6569ms
commenting out line Lines { lines: 813..=813 } in "host_impl_v.rs"
verus failed, reverting
commenting out line Lines { lines: 821..=823 } in "host_impl_v.rs"
verus succeeded with time: 6505ms
commenting out line Lines { lines: 825..=825 } in "host_impl_v.rs"
verus failed, reverting
commenting out line Lines { lines: 1083..=1083 } in "host_impl_v.rs"
verus failed, reverting
commenting out line Lines { lines: 1097..=1097 } in "host_impl_v.rs"
verus succeeded with time: 6439ms
commenting out line Lines { lines: 1120..=1120 } in "host_impl_v.rs"
verus succeeded with time: 6307ms
commenting out line Lines { lines: 1132..=1132 } in "host_impl_v.rs"
verus failed, reverting
commenting out line Lines { lines: 1135..=1140 } in "host_impl_v.rs"
verus failed, reverting
commenting out line Lines { lines: 1147..=1147 } in "host_impl_v.rs"
verus succeeded with time: 8127ms
commenting out line Lines { lines: 1148..=1148 } in "host_impl_v.rs"
verus failed, reverting
commenting out line Lines { lines: 1149..=1154 } in "host_impl_v.rs"
verus failed, reverting
commenting out line Lines { lines: 1164..=1164 } in "host_impl_v.rs"
verus succeeded with time: 6459ms
commenting out line Lines { lines: 1190..=1190 } in "host_impl_v.rs"
verus succeeded with time: 6364ms
commenting out line Lines { lines: 1191..=1191 } in "host_impl_v.rs"
verus succeeded with time: 6323ms
commenting out line Lines { lines: 1200..=1206 } in "host_impl_v.rs"
verus failed, reverting
commenting out line Lines { lines: 1207..=1209 } in "host_impl_v.rs"
verus succeeded with time: 6275ms
commenting out line Lines { lines: 1214..=1214 } in "host_impl_v.rs"
verus succeeded with time: 6324ms
commenting out line Lines { lines: 1223..=1225 } in "host_impl_v.rs"
verus failed, reverting
commenting out line Lines { lines: 1236..=1236 } in "host_impl_v.rs"
verus succeeded with time: 6441ms
commenting out line Lines { lines: 1239..=1240 } in "host_impl_v.rs"
verus succeeded with time: 6587ms
commenting out line Lines { lines: 1252..=1253 } in "host_impl_v.rs"
verus succeeded with time: 6472ms
commenting out line Lines { lines: 1263..=1268 } in "host_impl_v.rs"
verus failed, reverting
commenting out line Lines { lines: 1269..=1271 } in "host_impl_v.rs"
verus succeeded with time: 6542ms
commenting out line Lines { lines: 1272..=1272 } in "host_impl_v.rs"
verus succeeded with time: 6707ms
commenting out line Lines { lines: 1273..=1273 } in "host_impl_v.rs"
verus succeeded with time: 6512ms
commenting out line Lines { lines: 1274..=1275 } in "host_impl_v.rs"
verus succeeded with time: 6702ms
commenting out line Lines { lines: 1276..=1278 } in "host_impl_v.rs"
verus succeeded with time: 6735ms
commenting out line Lines { lines: 1285..=1286 } in "host_impl_v.rs"
verus succeeded with time: 6679ms
commenting out line Lines { lines: 1290..=1293 } in "host_impl_v.rs"
verus succeeded with time: 7115ms
commenting out line Lines { lines: 1294..=1296 } in "host_impl_v.rs"
verus succeeded with time: 7098ms
commenting out line Lines { lines: 1304..=1306 } in "host_impl_v.rs"
verus succeeded with time: 6866ms
commenting out line Lines { lines: 1307..=1308 } in "host_impl_v.rs"
verus succeeded with time: 6794ms
commenting out line Lines { lines: 1316..=1316 } in "host_impl_v.rs"
verus failed, reverting
commenting out line Lines { lines: 1317..=1317 } in "host_impl_v.rs"
verus succeeded with time: 6512ms
commenting out line Lines { lines: 1318..=1318 } in "host_impl_v.rs"
verus succeeded with time: 6685ms
commenting out line Lines { lines: 1320..=1320 } in "host_impl_v.rs"
verus failed, reverting
commenting out line Lines { lines: 1327..=1327 } in "host_impl_v.rs"
verus failed, reverting
commenting out line Lines { lines: 1330..=1330 } in "host_impl_v.rs"
verus failed, reverting
commenting out line Lines { lines: 1403..=1404 } in "host_impl_v.rs"
verus succeeded with time: 6927ms
commenting out line Lines { lines: 1409..=1410 } in "host_impl_v.rs"
verus succeeded with time: 7014ms
commenting out line Lines { lines: 1415..=1415 } in "host_impl_v.rs"
verus succeeded with time: 6774ms
commenting out line Lines { lines: 1424..=1425 } in "host_impl_v.rs"
verus succeeded with time: 7571ms
commenting out line Lines { lines: 1429..=1429 } in "host_impl_v.rs"
verus failed, reverting
commenting out line Lines { lines: 1432..=1432 } in "host_impl_v.rs"
verus failed, reverting
commenting out line Lines { lines: 1434..=1434 } in "host_impl_v.rs"
verus failed, reverting
commenting out line Lines { lines: 1453..=1453 } in "host_impl_v.rs"
verus failed, reverting
commenting out line Lines { lines: 1467..=1467 } in "host_impl_v.rs"
verus succeeded with time: 6817ms
commenting out line Lines { lines: 1490..=1494 } in "host_impl_v.rs"
verus failed, reverting
commenting out line Lines { lines: 1500..=1502 } in "host_impl_v.rs"
verus failed, reverting
commenting out line Lines { lines: 1534..=1536 } in "host_impl_v.rs"
verus failed, reverting
commenting out line Lines { lines: 1538..=1540 } in "host_impl_v.rs"
verus failed, reverting
commenting out line Lines { lines: 1542..=1542 } in "host_impl_v.rs"
verus succeeded with time: 6933ms
commenting out line Lines { lines: 1549..=1549 } in "host_impl_v.rs"
verus failed, reverting
commenting out line Lines { lines: 1552..=1552 } in "host_impl_v.rs"
verus failed, reverting
commenting out line Lines { lines: 1619..=1619 } in "host_impl_v.rs"
verus succeeded with time: 6802ms
commenting out line Lines { lines: 1662..=1662 } in "host_impl_v.rs"
verus succeeded with time: 6653ms
commenting out line Lines { lines: 1663..=1663 } in "host_impl_v.rs"
verus succeeded with time: 6875ms
commenting out line Lines { lines: 1664..=1664 } in "host_impl_v.rs"
verus succeeded with time: 6433ms
commenting out line Lines { lines: 1680..=1680 } in "host_impl_v.rs"
verus succeeded with time: 6393ms
commenting out line Lines { lines: 1686..=1686 } in "host_impl_v.rs"
verus succeeded with time: 6553ms
commenting out line Lines { lines: 1687..=1687 } in "host_impl_v.rs"
verus succeeded with time: 6731ms
commenting out line Lines { lines: 1688..=1688 } in "host_impl_v.rs"
verus succeeded with time: 6631ms
commenting out line Lines { lines: 1689..=1689 } in "host_impl_v.rs"
verus succeeded with time: 6641ms
commenting out line Lines { lines: 1699..=1699 } in "host_impl_v.rs"
verus succeeded with time: 6494ms
commenting out line Lines { lines: 1702..=1704 } in "host_impl_v.rs"
verus succeeded with time: 6708ms
commenting out line Lines { lines: 1712..=1712 } in "host_impl_v.rs"
verus succeeded with time: 6517ms
commenting out line Lines { lines: 1738..=1738 } in "host_impl_v.rs"
verus succeeded with time: 6391ms
commenting out line Lines { lines: 1754..=1754 } in "host_impl_v.rs"
verus failed, reverting
commenting out line Lines { lines: 1752..=1755 } in "host_impl_v.rs"
verus failed, reverting
commenting out line Lines { lines: 1768..=1768 } in "host_impl_v.rs"
verus failed, reverting
commenting out line Lines { lines: 1767..=1769 } in "host_impl_v.rs"
verus failed, reverting
commenting out line Lines { lines: 1770..=1770 } in "host_impl_v.rs"
verus failed, reverting
commenting out line Lines { lines: 1772..=1772 } in "host_impl_v.rs"
verus failed, reverting
commenting out line Lines { lines: 1774..=1774 } in "host_impl_v.rs"
verus succeeded with time: 6675ms
commenting out line Lines { lines: 1798..=1799 } in "host_impl_v.rs"
verus failed, reverting
commenting out line Lines { lines: 1802..=1803 } in "host_impl_v.rs"
verus succeeded with time: 6737ms
commenting out line Lines { lines: 1805..=1806 } in "host_impl_v.rs"
verus failed, reverting
commenting out line Lines { lines: 1808..=1808 } in "host_impl_v.rs"
verus succeeded with time: 6719ms
commenting out line Lines { lines: 1816..=1816 } in "host_impl_v.rs"
verus succeeded with time: 6662ms
commenting out line Lines { lines: 1819..=1819 } in "host_impl_v.rs"
verus failed, reverting
commenting out line Lines { lines: 1822..=1822 } in "host_impl_v.rs"
verus succeeded with time: 6776ms
commenting out line Lines { lines: 1828..=1828 } in "host_impl_v.rs"
verus succeeded with time: 6783ms
commenting out line Lines { lines: 1832..=1832 } in "host_impl_v.rs"
verus succeeded with time: 6730ms
commenting out line Lines { lines: 1833..=1833 } in "host_impl_v.rs"
verus succeeded with time: 6614ms
commenting out line Lines { lines: 174..=174 } in "keys_t.rs"
verus failed, reverting
commenting out line Lines { lines: 186..=186 } in "keys_t.rs"
verus failed, reverting
commenting out line Lines { lines: 52..=52 } in "main_t.rs"
verus succeeded with time: 6761ms
commenting out line Lines { lines: 70..=70 } in "main_t.rs"
verus succeeded with time: 6687ms
commenting out line Lines { lines: 77..=77 } in "main_t.rs"
verus succeeded with time: 7351ms
commenting out line Lines { lines: 80..=80 } in "main_t.rs"
verus succeeded with time: 6989ms
commenting out line Lines { lines: 85..=85 } in "main_t.rs"
verus succeeded with time: 6873ms
commenting out line Lines { lines: 86..=86 } in "main_t.rs"
verus succeeded with time: 6902ms
commenting out line Lines { lines: 113..=113 } in "marshal_ironsht_specific_v.rs"
verus failed, reverting
commenting out line Lines { lines: 120..=120 } in "marshal_ironsht_specific_v.rs"
verus failed, reverting
commenting out line Lines { lines: 119..=121 } in "marshal_ironsht_specific_v.rs"
verus succeeded with time: 7639ms
commenting out line Lines { lines: 202..=202 } in "marshal_ironsht_specific_v.rs"
verus succeeded with time: 9827ms
commenting out line Lines { lines: 206..=209 } in "marshal_ironsht_specific_v.rs"
verus succeeded with time: 10276ms
commenting out line Lines { lines: 212..=212 } in "marshal_ironsht_specific_v.rs"
verus succeeded with time: 9674ms
commenting out line Lines { lines: 213..=213 } in "marshal_ironsht_specific_v.rs"
verus failed, reverting
commenting out line Lines { lines: 214..=214 } in "marshal_ironsht_specific_v.rs"
verus succeeded with time: 9820ms
commenting out line Lines { lines: 229..=230 } in "marshal_ironsht_specific_v.rs"
verus failed, reverting
commenting out line Lines { lines: 244..=244 } in "marshal_ironsht_specific_v.rs"
verus succeeded with time: 9745ms
commenting out line Lines { lines: 249..=249 } in "marshal_ironsht_specific_v.rs"
verus succeeded with time: 9836ms
commenting out line Lines { lines: 257..=257 } in "marshal_ironsht_specific_v.rs"
verus succeeded with time: 9667ms
commenting out line Lines { lines: 258..=258 } in "marshal_ironsht_specific_v.rs"
verus succeeded with time: 9768ms
commenting out line Lines { lines: 259..=259 } in "marshal_ironsht_specific_v.rs"
verus succeeded with time: 10879ms
commenting out line Lines { lines: 260..=260 } in "marshal_ironsht_specific_v.rs"
verus failed, reverting
commenting out line Lines { lines: 261..=261 } in "marshal_ironsht_specific_v.rs"
verus succeeded with time: 9835ms
commenting out line Lines { lines: 262..=262 } in "marshal_ironsht_specific_v.rs"
verus succeeded with time: 10603ms
commenting out line Lines { lines: 253..=263 } in "marshal_ironsht_specific_v.rs"
verus failed, reverting
commenting out line Lines { lines: 276..=276 } in "marshal_ironsht_specific_v.rs"
verus succeeded with time: 9833ms
commenting out line Lines { lines: 277..=277 } in "marshal_ironsht_specific_v.rs"
verus succeeded with time: 9936ms
commenting out line Lines { lines: 278..=278 } in "marshal_ironsht_specific_v.rs"
verus succeeded with time: 10037ms
commenting out line Lines { lines: 279..=279 } in "marshal_ironsht_specific_v.rs"
verus succeeded with time: 9820ms
commenting out line Lines { lines: 280..=280 } in "marshal_ironsht_specific_v.rs"
verus failed, reverting
commenting out line Lines { lines: 281..=281 } in "marshal_ironsht_specific_v.rs"
verus succeeded with time: 9842ms
commenting out line Lines { lines: 274..=282 } in "marshal_ironsht_specific_v.rs"
verus failed, reverting
commenting out line Lines { lines: 284..=284 } in "marshal_ironsht_specific_v.rs"
verus failed, reverting
commenting out line Lines { lines: 267..=285 } in "marshal_ironsht_specific_v.rs"
verus failed, reverting
commenting out line Lines { lines: 299..=299 } in "marshal_ironsht_specific_v.rs"
verus succeeded with time: 9723ms
commenting out line Lines { lines: 300..=300 } in "marshal_ironsht_specific_v.rs"
verus failed, reverting
commenting out line Lines { lines: 301..=301 } in "marshal_ironsht_specific_v.rs"
verus succeeded with time: 9921ms
commenting out line Lines { lines: 302..=302 } in "marshal_ironsht_specific_v.rs"
verus failed, reverting
commenting out line Lines { lines: 303..=303 } in "marshal_ironsht_specific_v.rs"
verus succeeded with time: 9657ms
commenting out line Lines { lines: 287..=304 } in "marshal_ironsht_specific_v.rs"
verus failed, reverting
commenting out line Lines { lines: 307..=307 } in "marshal_ironsht_specific_v.rs"
verus succeeded with time: 9745ms
commenting out line Lines { lines: 308..=308 } in "marshal_ironsht_specific_v.rs"
verus succeeded with time: 9737ms
commenting out line Lines { lines: 306..=309 } in "marshal_ironsht_specific_v.rs"
verus succeeded with time: 9833ms
commenting out line Lines { lines: 310..=310 } in "marshal_ironsht_specific_v.rs"
verus succeeded with time: 9631ms
commenting out line Lines { lines: 312..=312 } in "marshal_ironsht_specific_v.rs"
verus succeeded with time: 9484ms
commenting out line Lines { lines: 145..=145 } in "marshal_v.rs"
verus failed, reverting
commenting out line Lines { lines: 146..=146 } in "marshal_v.rs"
verus failed, reverting
commenting out line Lines { lines: 159..=159 } in "marshal_v.rs"
verus succeeded with time: 9515ms
commenting out line Lines { lines: 166..=166 } in "marshal_v.rs"
verus failed, reverting
commenting out line Lines { lines: 168..=168 } in "marshal_v.rs"
verus failed, reverting
commenting out line Lines { lines: 169..=169 } in "marshal_v.rs"
verus failed, reverting
commenting out line Lines { lines: 167..=170 } in "marshal_v.rs"
verus failed, reverting
commenting out line Lines { lines: 175..=175 } in "marshal_v.rs"
verus failed, reverting
commenting out line Lines { lines: 204..=204 } in "marshal_v.rs"
verus failed, reverting
commenting out line Lines { lines: 241..=241 } in "marshal_v.rs"
verus failed, reverting
commenting out line Lines { lines: 303..=303 } in "marshal_v.rs"
verus failed, reverting
commenting out line Lines { lines: 318..=318 } in "marshal_v.rs"
verus succeeded with time: 9561ms
commenting out line Lines { lines: 332..=332 } in "marshal_v.rs"
verus succeeded with time: 9563ms
commenting out line Lines { lines: 333..=333 } in "marshal_v.rs"
verus failed, reverting
commenting out line Lines { lines: 346..=346 } in "marshal_v.rs"
verus succeeded with time: 9715ms
commenting out line Lines { lines: 353..=353 } in "marshal_v.rs"
verus failed, reverting
commenting out line Lines { lines: 355..=355 } in "marshal_v.rs"
verus failed, reverting
commenting out line Lines { lines: 356..=356 } in "marshal_v.rs"
verus failed, reverting
commenting out line Lines { lines: 354..=357 } in "marshal_v.rs"
verus failed, reverting
commenting out line Lines { lines: 362..=362 } in "marshal_v.rs"
verus failed, reverting
commenting out line Lines { lines: 421..=421 } in "marshal_v.rs"
verus failed, reverting
commenting out line Lines { lines: 422..=422 } in "marshal_v.rs"
verus failed, reverting
commenting out line Lines { lines: 424..=424 } in "marshal_v.rs"
verus failed, reverting
commenting out line Lines { lines: 425..=425 } in "marshal_v.rs"
verus failed, reverting
commenting out line Lines { lines: 426..=426 } in "marshal_v.rs"
verus failed, reverting
commenting out line Lines { lines: 428..=428 } in "marshal_v.rs"
verus failed, reverting
commenting out line Lines { lines: 429..=429 } in "marshal_v.rs"
verus failed, reverting
commenting out line Lines { lines: 441..=441 } in "marshal_v.rs"
verus failed, reverting
commenting out line Lines { lines: 442..=442 } in "marshal_v.rs"
verus failed, reverting
commenting out line Lines { lines: 501..=501 } in "marshal_v.rs"
verus failed, reverting
commenting out line Lines { lines: 502..=502 } in "marshal_v.rs"
verus failed, reverting
commenting out line Lines { lines: 509..=509 } in "marshal_v.rs"
verus failed, reverting
commenting out line Lines { lines: 510..=510 } in "marshal_v.rs"
verus failed, reverting
commenting out line Lines { lines: 514..=514 } in "marshal_v.rs"
verus failed, reverting
commenting out line Lines { lines: 515..=515 } in "marshal_v.rs"
verus failed, reverting
commenting out line Lines { lines: 540..=540 } in "marshal_v.rs"
verus failed, reverting
commenting out line Lines { lines: 550..=550 } in "marshal_v.rs"
verus failed, reverting
commenting out line Lines { lines: 554..=554 } in "marshal_v.rs"
verus failed, reverting
commenting out line Lines { lines: 555..=555 } in "marshal_v.rs"
verus failed, reverting
commenting out line Lines { lines: 572..=572 } in "marshal_v.rs"
verus failed, reverting
commenting out line Lines { lines: 573..=573 } in "marshal_v.rs"
verus failed, reverting
commenting out line Lines { lines: 578..=578 } in "marshal_v.rs"
verus succeeded with time: 10599ms
commenting out line Lines { lines: 581..=581 } in "marshal_v.rs"
verus failed, reverting
commenting out line Lines { lines: 599..=601 } in "marshal_v.rs"
verus failed, reverting
commenting out line Lines { lines: 624..=624 } in "marshal_v.rs"
verus failed, reverting
commenting out line Lines { lines: 636..=636 } in "marshal_v.rs"
verus succeeded with time: 10537ms
commenting out line Lines { lines: 646..=646 } in "marshal_v.rs"
verus failed, reverting
commenting out line Lines { lines: 643..=648 } in "marshal_v.rs"
verus failed, reverting
commenting out line Lines { lines: 650..=650 } in "marshal_v.rs"
verus succeeded with time: 11448ms
commenting out line Lines { lines: 653..=653 } in "marshal_v.rs"
verus failed, reverting
commenting out line Lines { lines: 667..=667 } in "marshal_v.rs"
verus succeeded with time: 10143ms
commenting out line Lines { lines: 669..=669 } in "marshal_v.rs"
verus failed, reverting
commenting out line Lines { lines: 671..=671 } in "marshal_v.rs"
verus failed, reverting
commenting out line Lines { lines: 658..=672 } in "marshal_v.rs"
verus failed, reverting
commenting out line Lines { lines: 674..=674 } in "marshal_v.rs"
verus succeeded with time: 10455ms
commenting out line Lines { lines: 695..=695 } in "marshal_v.rs"
verus failed, reverting
commenting out line Lines { lines: 709..=709 } in "marshal_v.rs"
verus failed, reverting
commenting out line Lines { lines: 713..=713 } in "marshal_v.rs"
verus succeeded with time: 12877ms
commenting out line Lines { lines: 716..=716 } in "marshal_v.rs"
verus failed, reverting
commenting out line Lines { lines: 717..=717 } in "marshal_v.rs"
verus failed, reverting
commenting out line Lines { lines: 724..=724 } in "marshal_v.rs"
verus succeeded with time: 13904ms
commenting out line Lines { lines: 727..=727 } in "marshal_v.rs"
verus succeeded with time: 15285ms
commenting out line Lines { lines: 734..=734 } in "marshal_v.rs"
verus failed, reverting
commenting out line Lines { lines: 735..=735 } in "marshal_v.rs"
verus failed, reverting
commenting out line Lines { lines: 736..=736 } in "marshal_v.rs"
verus succeeded with time: 12951ms
commenting out line Lines { lines: 752..=755 } in "marshal_v.rs"
verus succeeded with time: 13032ms
commenting out line Lines { lines: 772..=772 } in "marshal_v.rs"
verus failed, reverting
commenting out line Lines { lines: 782..=782 } in "marshal_v.rs"
verus succeeded with time: 17643ms
commenting out line Lines { lines: 783..=783 } in "marshal_v.rs"
verus failed, reverting
commenting out line Lines { lines: 785..=789 } in "marshal_v.rs"
verus failed, reverting
commenting out line Lines { lines: 790..=793 } in "marshal_v.rs"
verus failed, reverting
commenting out line Lines { lines: 773..=794 } in "marshal_v.rs"
verus failed, reverting
commenting out line Lines { lines: 799..=799 } in "marshal_v.rs"
verus failed, reverting
commenting out line Lines { lines: 819..=819 } in "marshal_v.rs"
verus failed, reverting
commenting out line Lines { lines: 860..=860 } in "marshal_v.rs"
verus failed, reverting
commenting out line Lines { lines: 859..=861 } in "marshal_v.rs"
verus succeeded with time: 10596ms
commenting out line Lines { lines: 862..=862 } in "marshal_v.rs"
verus failed, reverting
commenting out line Lines { lines: 847..=864 } in "marshal_v.rs"
verus failed, reverting
commenting out line Lines { lines: 871..=871 } in "marshal_v.rs"
verus succeeded with time: 10937ms
commenting out line Lines { lines: 872..=872 } in "marshal_v.rs"
verus failed, reverting
commenting out line Lines { lines: 866..=873 } in "marshal_v.rs"
verus failed, reverting
commenting out line Lines { lines: 875..=877 } in "marshal_v.rs"
verus failed, reverting
commenting out line Lines { lines: 879..=881 } in "marshal_v.rs"
verus failed, reverting
commenting out line Lines { lines: 890..=890 } in "marshal_v.rs"
verus failed, reverting
commenting out line Lines { lines: 891..=891 } in "marshal_v.rs"
verus failed, reverting
commenting out line Lines { lines: 892..=892 } in "marshal_v.rs"
verus failed, reverting
commenting out line Lines { lines: 897..=897 } in "marshal_v.rs"
verus failed, reverting
commenting out line Lines { lines: 905..=905 } in "marshal_v.rs"
verus failed, reverting
commenting out line Lines { lines: 911..=911 } in "marshal_v.rs"
verus failed, reverting
commenting out line Lines { lines: 907..=912 } in "marshal_v.rs"
verus failed, reverting
commenting out line Lines { lines: 917..=917 } in "marshal_v.rs"
verus failed, reverting
commenting out line Lines { lines: 918..=918 } in "marshal_v.rs"
verus succeeded with time: 10687ms
commenting out line Lines { lines: 920..=920 } in "marshal_v.rs"
verus succeeded with time: 10565ms
commenting out line Lines { lines: 913..=921 } in "marshal_v.rs"
verus failed, reverting
commenting out line Lines { lines: 923..=923 } in "marshal_v.rs"
verus failed, reverting
commenting out line Lines { lines: 922..=924 } in "marshal_v.rs"
verus failed, reverting
commenting out line Lines { lines: 906..=925 } in "marshal_v.rs"
verus failed, reverting
commenting out line Lines { lines: 931..=931 } in "marshal_v.rs"
verus failed, reverting
commenting out line Lines { lines: 927..=932 } in "marshal_v.rs"
verus failed, reverting
commenting out line Lines { lines: 937..=937 } in "marshal_v.rs"
verus failed, reverting
commenting out line Lines { lines: 938..=938 } in "marshal_v.rs"
verus succeeded with time: 10025ms
commenting out line Lines { lines: 940..=940 } in "marshal_v.rs"
verus succeeded with time: 10439ms
commenting out line Lines { lines: 933..=941 } in "marshal_v.rs"
verus failed, reverting
commenting out line Lines { lines: 943..=943 } in "marshal_v.rs"
verus failed, reverting
commenting out line Lines { lines: 942..=944 } in "marshal_v.rs"
verus failed, reverting
commenting out line Lines { lines: 926..=945 } in "marshal_v.rs"
verus failed, reverting
commenting out line Lines { lines: 946..=946 } in "marshal_v.rs"
verus succeeded with time: 11276ms
commenting out line Lines { lines: 949..=949 } in "marshal_v.rs"
verus succeeded with time: 14512ms
commenting out line Lines { lines: 950..=950 } in "marshal_v.rs"
verus failed, reverting
commenting out line Lines { lines: 948..=952 } in "marshal_v.rs"
verus failed, reverting
commenting out line Lines { lines: 947..=954 } in "marshal_v.rs"
verus failed, reverting
commenting out line Lines { lines: 955..=959 } in "marshal_v.rs"
verus succeeded with time: 11002ms
commenting out line Lines { lines: 969..=969 } in "marshal_v.rs"
verus succeeded with time: 11447ms
commenting out line Lines { lines: 970..=970 } in "marshal_v.rs"
verus failed, reverting
commenting out line Lines { lines: 971..=971 } in "marshal_v.rs"
verus succeeded with time: 11411ms
commenting out line Lines { lines: 978..=978 } in "marshal_v.rs"
verus succeeded with time: 11783ms
commenting out line Lines { lines: 979..=983 } in "marshal_v.rs"
verus succeeded with time: 11678ms
commenting out line Lines { lines: 986..=986 } in "marshal_v.rs"
verus succeeded with time: 12771ms
commenting out line Lines { lines: 988..=991 } in "marshal_v.rs"
verus failed, reverting
commenting out line Lines { lines: 996..=997 } in "marshal_v.rs"
verus succeeded with time: 10808ms
commenting out line Lines { lines: 999..=1001 } in "marshal_v.rs"
verus failed, reverting
commenting out line Lines { lines: 1003..=1003 } in "marshal_v.rs"
verus succeeded with time: 11408ms
commenting out line Lines { lines: 985..=1004 } in "marshal_v.rs"
verus failed, reverting
commenting out line Lines { lines: 1007..=1009 } in "marshal_v.rs"
verus failed, reverting
commenting out line Lines { lines: 1005..=1011 } in "marshal_v.rs"
verus failed, reverting
commenting out line Lines { lines: 1018..=1019 } in "marshal_v.rs"
verus failed, reverting
commenting out line Lines { lines: 1070..=1070 } in "marshal_v.rs"
verus failed, reverting
commenting out line Lines { lines: 1072..=1072 } in "marshal_v.rs"
verus succeeded with time: 18580ms
commenting out line Lines { lines: 1075..=1075 } in "marshal_v.rs"
verus failed, reverting
commenting out line Lines { lines: 1090..=1090 } in "marshal_v.rs"
verus failed, reverting
commenting out line Lines { lines: 1111..=1111 } in "marshal_v.rs"
verus failed, reverting
commenting out line Lines { lines: 1114..=1114 } in "marshal_v.rs"
verus failed, reverting
commenting out line Lines { lines: 1131..=1131 } in "marshal_v.rs"
verus failed, reverting
commenting out line Lines { lines: 1134..=1134 } in "marshal_v.rs"
verus failed, reverting
commenting out line Lines { lines: 1152..=1153 } in "marshal_v.rs"
verus failed, reverting
commenting out line Lines { lines: 86..=86 } in "net_sht_v.rs"
verus succeeded with time: 11260ms
commenting out line Lines { lines: 162..=162 } in "net_sht_v.rs"
verus failed, reverting
commenting out line Lines { lines: 210..=210 } in "net_sht_v.rs"
verus succeeded with time: 10770ms
commenting out line Lines { lines: 215..=215 } in "net_sht_v.rs"
verus succeeded with time: 10752ms
commenting out line Lines { lines: 216..=216 } in "net_sht_v.rs"
verus succeeded with time: 11218ms
commenting out line Lines { lines: 217..=217 } in "net_sht_v.rs"
verus succeeded with time: 11010ms
commenting out line Lines { lines: 227..=227 } in "net_sht_v.rs"
verus succeeded with time: 11189ms
commenting out line Lines { lines: 229..=229 } in "net_sht_v.rs"
verus succeeded with time: 10910ms
commenting out line Lines { lines: 231..=231 } in "net_sht_v.rs"
verus succeeded with time: 11164ms
commenting out line Lines { lines: 232..=232 } in "net_sht_v.rs"
verus succeeded with time: 11247ms
commenting out line Lines { lines: 233..=233 } in "net_sht_v.rs"
verus succeeded with time: 11420ms
commenting out line Lines { lines: 234..=234 } in "net_sht_v.rs"
verus succeeded with time: 11072ms
commenting out line Lines { lines: 235..=235 } in "net_sht_v.rs"
verus succeeded with time: 10995ms
commenting out line Lines { lines: 236..=236 } in "net_sht_v.rs"
verus succeeded with time: 11377ms
commenting out line Lines { lines: 237..=237 } in "net_sht_v.rs"
verus succeeded with time: 11324ms
commenting out line Lines { lines: 238..=238 } in "net_sht_v.rs"
verus succeeded with time: 12011ms
commenting out line Lines { lines: 307..=307 } in "net_sht_v.rs"
verus succeeded with time: 11400ms
commenting out line Lines { lines: 374..=374 } in "net_sht_v.rs"
verus succeeded with time: 11354ms
commenting out line Lines { lines: 403..=403 } in "net_sht_v.rs"
verus succeeded with time: 11097ms
commenting out line Lines { lines: 405..=405 } in "net_sht_v.rs"
verus failed, reverting
commenting out line Lines { lines: 400..=407 } in "net_sht_v.rs"
verus failed, reverting
commenting out line Lines { lines: 410..=410 } in "net_sht_v.rs"
verus succeeded with time: 10540ms
commenting out line Lines { lines: 412..=412 } in "net_sht_v.rs"
verus succeeded with time: 10608ms
commenting out line Lines { lines: 414..=414 } in "net_sht_v.rs"
verus succeeded with time: 11237ms
commenting out line Lines { lines: 408..=416 } in "net_sht_v.rs"
verus succeeded with time: 10820ms
commenting out line Lines { lines: 417..=417 } in "net_sht_v.rs"
verus failed, reverting
commenting out line Lines { lines: 26..=26 } in "seq_is_unique_v.rs"
verus succeeded with time: 11048ms
commenting out line Lines { lines: 27..=27 } in "seq_is_unique_v.rs"
verus succeeded with time: 12030ms
commenting out line Lines { lines: 85..=85 } in "seq_is_unique_v.rs"
verus failed, reverting
commenting out line Lines { lines: 86..=86 } in "seq_is_unique_v.rs"
verus failed, reverting
commenting out line Lines { lines: 87..=87 } in "seq_is_unique_v.rs"
verus succeeded with time: 11366ms
commenting out line Lines { lines: 82..=88 } in "seq_is_unique_v.rs"
verus failed, reverting
commenting out line Lines { lines: 95..=97 } in "seq_is_unique_v.rs"
verus failed, reverting
commenting out line Lines { lines: 111..=111 } in "seq_is_unique_v.rs"
verus failed, reverting
commenting out line Lines { lines: 161..=161 } in "seq_is_unique_v.rs"
verus failed, reverting
commenting out line Lines { lines: 162..=162 } in "seq_is_unique_v.rs"
verus succeeded with time: 10299ms
commenting out line Lines { lines: 158..=164 } in "seq_is_unique_v.rs"
verus failed, reverting
commenting out line Lines { lines: 37..=37 } in "single_delivery_model_v.rs"
verus succeeded with time: 10435ms
commenting out line Lines { lines: 143..=143 } in "single_delivery_model_v.rs"
verus failed, reverting
commenting out line Lines { lines: 148..=148 } in "single_delivery_model_v.rs"
verus failed, reverting
commenting out line Lines { lines: 175..=175 } in "single_delivery_model_v.rs"
verus succeeded with time: 10393ms
commenting out line Lines { lines: 237..=237 } in "single_delivery_model_v.rs"
verus failed, reverting
commenting out line Lines { lines: 231..=239 } in "single_delivery_model_v.rs"
verus failed, reverting
commenting out line Lines { lines: 244..=244 } in "single_delivery_model_v.rs"
verus failed, reverting
commenting out line Lines { lines: 241..=246 } in "single_delivery_model_v.rs"
verus failed, reverting
commenting out line Lines { lines: 271..=271 } in "single_delivery_model_v.rs"
verus failed, reverting
commenting out line Lines { lines: 316..=318 } in "single_delivery_model_v.rs"
verus failed, reverting
commenting out line Lines { lines: 329..=329 } in "single_delivery_model_v.rs"
verus failed, reverting
commenting out line Lines { lines: 372..=372 } in "single_delivery_model_v.rs"
verus succeeded with time: 11751ms
commenting out line Lines { lines: 376..=376 } in "single_delivery_model_v.rs"
verus failed, reverting
commenting out line Lines { lines: 438..=438 } in "single_delivery_model_v.rs"
verus succeeded with time: 10728ms
commenting out line Lines { lines: 445..=445 } in "single_delivery_model_v.rs"
verus succeeded with time: 11362ms
commenting out line Lines { lines: 452..=483 } in "single_delivery_model_v.rs"
verus failed, reverting
commenting out line Lines { lines: 446..=487 } in "single_delivery_model_v.rs"
verus failed, reverting
commenting out line Lines { lines: 488..=490 } in "single_delivery_model_v.rs"
verus failed, reverting
commenting out line Lines { lines: 500..=500 } in "single_delivery_model_v.rs"
verus failed, reverting
commenting out line Lines { lines: 506..=506 } in "single_delivery_model_v.rs"
verus failed, reverting
commenting out line Lines { lines: 503..=508 } in "single_delivery_model_v.rs"
verus succeeded with time: 11486ms
commenting out line Lines { lines: 512..=512 } in "single_delivery_model_v.rs"
verus failed, reverting
commenting out line Lines { lines: 513..=513 } in "single_delivery_model_v.rs"
verus succeeded with time: 14490ms
commenting out line Lines { lines: 516..=516 } in "single_delivery_model_v.rs"
verus succeeded with time: 12081ms
commenting out line Lines { lines: 517..=517 } in "single_delivery_model_v.rs"
verus succeeded with time: 11522ms
commenting out line Lines { lines: 510..=519 } in "single_delivery_model_v.rs"
verus succeeded with time: 10840ms
commenting out line Lines { lines: 521..=522 } in "single_delivery_model_v.rs"
verus failed, reverting
commenting out line Lines { lines: 568..=568 } in "single_delivery_model_v.rs"
verus failed, reverting
commenting out line Lines { lines: 162..=162 } in "single_delivery_state_v.rs"
verus failed, reverting
commenting out line Lines { lines: 168..=168 } in "single_delivery_state_v.rs"
verus failed, reverting
commenting out line Lines { lines: 169..=169 } in "single_delivery_state_v.rs"
verus succeeded with time: 12309ms
commenting out line Lines { lines: 184..=184 } in "single_delivery_state_v.rs"
verus failed, reverting
commenting out line Lines { lines: 230..=230 } in "single_delivery_state_v.rs"
verus failed, reverting
commenting out line Lines { lines: 362..=362 } in "single_delivery_state_v.rs"
verus succeeded with time: 56297ms
commenting out line Lines { lines: 365..=365 } in "single_delivery_state_v.rs"
verus succeeded with time: 234693ms
commenting out line Lines { lines: 366..=366 } in "single_delivery_state_v.rs"
verus failed, reverting
commenting out line Lines { lines: 368..=368 } in "single_delivery_state_v.rs"
verus succeeded with time: 16038ms
commenting out line Lines { lines: 14..=14 } in "verus_extra/seq_lib_v.rs"
verus failed, reverting
commenting out line Lines { lines: 48..=48 } in "verus_extra/seq_lib_v.rs"
verus succeeded with time: 15948ms
commenting out line Lines { lines: 79..=79 } in "verus_extra/seq_lib_v.rs"
verus succeeded with time: 13577ms
commenting out line Lines { lines: 91..=93 } in "verus_extra/seq_lib_v.rs"
verus failed, reverting
commenting out line Lines { lines: 94..=94 } in "verus_extra/seq_lib_v.rs"
verus succeeded with time: 17393ms
commenting out line Lines { lines: 145..=145 } in "verus_extra/seq_lib_v.rs"
verus succeeded with time: 13507ms
commenting out line Lines { lines: 163..=163 } in "verus_extra/seq_lib_v.rs"
verus failed, reverting
commenting out line Lines { lines: 204..=204 } in "verus_extra/seq_lib_v.rs"
verus failed, reverting
commenting out line Lines { lines: 207..=207 } in "verus_extra/seq_lib_v.rs"
verus failed, reverting
commenting out line Lines { lines: 211..=211 } in "verus_extra/seq_lib_v.rs"
verus failed, reverting
commenting out line Lines { lines: 245..=245 } in "verus_extra/seq_lib_v.rs"
verus succeeded with time: 13401ms
commenting out line Lines { lines: 246..=246 } in "verus_extra/seq_lib_v.rs"
verus succeeded with time: 11872ms
commenting out line Lines { lines: 249..=249 } in "verus_extra/seq_lib_v.rs"
verus failed, reverting
commenting out line Lines { lines: 250..=250 } in "verus_extra/seq_lib_v.rs"
verus failed, reverting
commenting out line Lines { lines: 263..=263 } in "verus_extra/seq_lib_v.rs"
verus failed, reverting
commenting out line Lines { lines: 57..=60 } in "verus_extra/set_lib_ext_v.rs"
verus failed, reverting
commenting out line Lines { lines: 81..=84 } in "verus_extra/set_lib_ext_v.rs"
verus failed, reverting
commenting out line Lines { lines: 103..=106 } in "verus_extra/set_lib_ext_v.rs"
verus failed, reverting
commenting out line Lines { lines: 129..=129 } in "verus_extra/set_lib_ext_v.rs"
verus failed, reverting
commenting out line Lines { lines: 125..=131 } in "verus_extra/set_lib_ext_v.rs"
verus failed, reverting
commenting out line Lines { lines: 135..=135 } in "verus_extra/set_lib_ext_v.rs"
verus succeeded with time: 11363ms
commenting out line Lines { lines: 136..=136 } in "verus_extra/set_lib_ext_v.rs"
verus failed, reverting
commenting out line Lines { lines: 138..=138 } in "verus_extra/set_lib_ext_v.rs"
verus failed, reverting
commenting out line Lines { lines: 132..=140 } in "verus_extra/set_lib_ext_v.rs"
verus failed, reverting
commenting out line Lines { lines: 191..=193 } in "verus_extra/set_lib_ext_v.rs"
verus failed, reverting
commenting out line Lines { lines: 202..=202 } in "verus_extra/set_lib_ext_v.rs"
verus succeeded with time: 11338ms
commenting out line Lines { lines: 205..=205 } in "verus_extra/set_lib_ext_v.rs"
verus failed, reverting
commenting out line Lines { lines: 208..=208 } in "verus_extra/set_lib_ext_v.rs"
verus failed, reverting
commenting out line Lines { lines: 201..=210 } in "verus_extra/set_lib_ext_v.rs"
verus failed, reverting
commenting out line Lines { lines: 218..=220 } in "verus_extra/set_lib_ext_v.rs"
verus failed, reverting
commenting out line Lines { lines: 271..=273 } in "verus_extra/set_lib_ext_v.rs"
verus failed, reverting
commenting out line Lines { lines: 281..=281 } in "verus_extra/set_lib_ext_v.rs"
verus failed, reverting
commenting out line Lines { lines: 280..=282 } in "verus_extra/set_lib_ext_v.rs"
verus failed, reverting
commenting out line Lines { lines: 296..=296 } in "verus_extra/set_lib_ext_v.rs"
verus failed, reverting
commenting out line Lines { lines: 295..=297 } in "verus_extra/set_lib_ext_v.rs"
verus failed, reverting
