   Compiling minimize v0.1.0 (/local/abai/verus/source/tools/minimize)
    Finished `release` profile [optimized] target(s) in 5.20s
     Running `/local/abai/verus/source/target/release/minimize -d tmp /local/abai/verified-ironkv/ironsht/src/lib.d`
warning: else branch in let currently not supported
original verification time: 14576ms
minimization of tmp/0/lib.rs is completed
minimization of tmp/1/abstract_end_point_t.rs is completed
minimization of tmp/2/abstract_parameters_t.rs is completed
minimization of tmp/3/abstract_service_t.rs is completed
minimization of tmp/4/app_interface_t.rs is completed
minimization of tmp/5/args_t.rs is completed
minimization of tmp/7/delegation_map_t.rs is completed
minimization of tmp/9/endpoint_hashmap_t.rs is completed
minimization of tmp/10/environment_t.rs is completed
minimization of tmp/11/hashmap_t.rs is completed
minimization of tmp/12/host_impl_t.rs is completed
minimization of tmp/14/host_protocol_t.rs is completed
minimization of tmp/15/io_t.rs is completed
commenting out line Lines { lines: 149..=149 } in "tmp/19/marshal_v.rs"
verus failed with time: 20603ms, reverting
commenting out line Lines { lines: 164..=166 } in "tmp/8/delegation_map_v.rs"
verus failed with time: 21918ms, reverting
commenting out line Lines { lines: 178..=178 } in "tmp/16/keys_t.rs"
verus failed with time: 21949ms, reverting
commenting out line Lines { lines: 56..=56 } in "tmp/17/main_t.rs"
verus succeeded with time: 22078ms, keeping it commented out
commenting out line Lines { lines: 193..=193 } in "tmp/13/host_impl_v.rs"
verus succeeded with time: 22240ms, keeping it commented out
commenting out line Lines { lines: 104..=104 } in "tmp/6/cmessage_v.rs"
verus succeeded with time: 23937ms, keeping it commented out
commenting out line Lines { lines: 117..=117 } in "tmp/18/marshal_ironsht_specific_v.rs"
verus failed with time: 24426ms, reverting
commenting out line Lines { lines: 150..=150 } in "tmp/19/marshal_v.rs"
verus failed with time: 20457ms, reverting
commenting out line Lines { lines: 168..=170 } in "tmp/8/delegation_map_v.rs"
verus failed with time: 19972ms, reverting
commenting out line Lines { lines: 190..=190 } in "tmp/16/keys_t.rs"
verus failed with time: 20284ms, reverting
minimization of tmp/16/keys_t.rs is completed
minimization of tmp/20/message_t.rs is completed
commenting out line Lines { lines: 194..=194 } in "tmp/13/host_impl_v.rs"
verus succeeded with time: 22472ms, keeping it commented out
commenting out line Lines { lines: 74..=74 } in "tmp/17/main_t.rs"
verus succeeded with time: 22800ms, keeping it commented out
commenting out line Lines { lines: 93..=107 } in "tmp/6/cmessage_v.rs"
verus succeeded with time: 22249ms, keeping it commented out
commenting out line Lines { lines: 124..=124 } in "tmp/18/marshal_ironsht_specific_v.rs"
verus failed with time: 23810ms, reverting
commenting out line Lines { lines: 90..=90 } in "tmp/21/net_sht_v.rs"
verus succeeded with time: 20224ms, keeping it commented out
commenting out line Lines { lines: 189..=189 } in "tmp/8/delegation_map_v.rs"
verus succeeded with time: 21062ms, keeping it commented out
commenting out line Lines { lines: 163..=163 } in "tmp/19/marshal_v.rs"
verus succeeded with time: 23111ms, keeping it commented out
commenting out line Lines { lines: 195..=195 } in "tmp/13/host_impl_v.rs"
verus succeeded with time: 20892ms, keeping it commented out
commenting out line Lines { lines: 238..=238 } in "tmp/6/cmessage_v.rs"
verus succeeded with time: 20422ms, keeping it commented out
commenting out line Lines { lines: 81..=81 } in "tmp/17/main_t.rs"
verus succeeded with time: 22282ms, keeping it commented out
commenting out line Lines { lines: 123..=125 } in "tmp/18/marshal_ironsht_specific_v.rs"
verus succeeded with time: 23559ms, keeping it commented out
commenting out line Lines { lines: 166..=166 } in "tmp/21/net_sht_v.rs"
verus failed with time: 19461ms, reverting
commenting out line Lines { lines: 192..=192 } in "tmp/8/delegation_map_v.rs"
verus succeeded with time: 21469ms, keeping it commented out
commenting out line Lines { lines: 170..=170 } in "tmp/19/marshal_v.rs"
verus failed with time: 21071ms, reverting
commenting out line Lines { lines: 196..=196 } in "tmp/13/host_impl_v.rs"
verus succeeded with time: 20306ms, keeping it commented out
commenting out line Lines { lines: 239..=239 } in "tmp/6/cmessage_v.rs"
verus succeeded with time: 21051ms, keeping it commented out
commenting out line Lines { lines: 84..=84 } in "tmp/17/main_t.rs"
verus succeeded with time: 21222ms, keeping it commented out
commenting out line Lines { lines: 206..=206 } in "tmp/18/marshal_ironsht_specific_v.rs"
verus succeeded with time: 30828ms, keeping it commented out
commenting out line Lines { lines: 214..=214 } in "tmp/21/net_sht_v.rs"
verus succeeded with time: 21361ms, keeping it commented out
commenting out line Lines { lines: 194..=194 } in "tmp/8/delegation_map_v.rs"
verus succeeded with time: 20913ms, keeping it commented out
commenting out line Lines { lines: 172..=172 } in "tmp/19/marshal_v.rs"
verus failed with time: 20219ms, reverting
commenting out line Lines { lines: 197..=197 } in "tmp/13/host_impl_v.rs"
verus succeeded with time: 20472ms, keeping it commented out
commenting out line Lines { lines: 89..=89 } in "tmp/17/main_t.rs"
verus succeeded with time: 19726ms, keeping it commented out
commenting out line Lines { lines: 240..=240 } in "tmp/6/cmessage_v.rs"
verus succeeded with time: 21121ms, keeping it commented out
commenting out line Lines { lines: 219..=219 } in "tmp/21/net_sht_v.rs"
verus succeeded with time: 20418ms, keeping it commented out
commenting out line Lines { lines: 173..=173 } in "tmp/19/marshal_v.rs"
verus failed with time: 20123ms, reverting
commenting out line Lines { lines: 210..=213 } in "tmp/18/marshal_ironsht_specific_v.rs"
verus succeeded with time: 23853ms, keeping it commented out
commenting out line Lines { lines: 316..=316 } in "tmp/13/host_impl_v.rs"
verus failed with time: 20635ms, reverting
commenting out line Lines { lines: 188..=196 } in "tmp/8/delegation_map_v.rs"
verus succeeded with time: 22285ms, keeping it commented out
commenting out line Lines { lines: 245..=245 } in "tmp/6/cmessage_v.rs"
verus succeeded with time: 20618ms, keeping it commented out
commenting out line Lines { lines: 90..=90 } in "tmp/17/main_t.rs"
verus succeeded with time: 21146ms, keeping it commented out
minimization of tmp/17/main_t.rs is completed
minimization of tmp/22/network_t.rs is completed
commenting out line Lines { lines: 220..=220 } in "tmp/21/net_sht_v.rs"
verus succeeded with time: 21421ms, keeping it commented out
commenting out line Lines { lines: 171..=174 } in "tmp/19/marshal_v.rs"
verus failed with time: 21308ms, reverting
commenting out line Lines { lines: 264..=264 } in "tmp/8/delegation_map_v.rs"
verus succeeded with time: 21297ms, keeping it commented out
commenting out line Lines { lines: 360..=360 } in "tmp/13/host_impl_v.rs"
verus succeeded with time: 22038ms, keeping it commented out
commenting out line Lines { lines: 216..=216 } in "tmp/18/marshal_ironsht_specific_v.rs"
verus succeeded with time: 23271ms, keeping it commented out
commenting out line Lines { lines: 30..=30 } in "tmp/23/seq_is_unique_v.rs"
verus succeeded with time: 21826ms, keeping it commented out
commenting out line Lines { lines: 233..=248 } in "tmp/6/cmessage_v.rs"
verus succeeded with time: 22124ms, keeping it commented out
minimization of tmp/6/cmessage_v.rs is completed
commenting out line Lines { lines: 179..=179 } in "tmp/19/marshal_v.rs"
verus failed with time: 20763ms, reverting
commenting out line Lines { lines: 221..=221 } in "tmp/21/net_sht_v.rs"
verus succeeded with time: 22188ms, keeping it commented out
commenting out line Lines { lines: 266..=266 } in "tmp/8/delegation_map_v.rs"
verus succeeded with time: 21787ms, keeping it commented out
commenting out line Lines { lines: 365..=365 } in "tmp/13/host_impl_v.rs"
verus succeeded with time: 22164ms, keeping it commented out
commenting out line Lines { lines: 31..=31 } in "tmp/23/seq_is_unique_v.rs"
verus succeeded with time: 20818ms, keeping it commented out
commenting out line Lines { lines: 41..=41 } in "tmp/24/single_delivery_model_v.rs"
verus succeeded with time: 21464ms, keeping it commented out
commenting out line Lines { lines: 217..=217 } in "tmp/18/marshal_ironsht_specific_v.rs"
verus failed with time: 24229ms, reverting
commenting out line Lines { lines: 208..=208 } in "tmp/19/marshal_v.rs"
verus failed with time: 19282ms, reverting
commenting out line Lines { lines: 231..=231 } in "tmp/21/net_sht_v.rs"
verus succeeded with time: 23051ms, keeping it commented out
commenting out line Lines { lines: 89..=89 } in "tmp/23/seq_is_unique_v.rs"
verus failed with time: 19838ms, reverting
commenting out line Lines { lines: 267..=267 } in "tmp/8/delegation_map_v.rs"
verus succeeded with time: 21636ms, keeping it commented out
commenting out line Lines { lines: 380..=380 } in "tmp/13/host_impl_v.rs"
verus succeeded with time: 21058ms, keeping it commented out
commenting out line Lines { lines: 147..=147 } in "tmp/24/single_delivery_model_v.rs"
verus failed with time: 19678ms, reverting
commenting out line Lines { lines: 152..=152 } in "tmp/24/single_delivery_model_v.rs"
verus failed with time: 3104ms, reverting
commenting out line Lines { lines: 218..=218 } in "tmp/18/marshal_ironsht_specific_v.rs"
verus succeeded with time: 26133ms, keeping it commented out
commenting out line Lines { lines: 245..=245 } in "tmp/19/marshal_v.rs"
verus failed with time: 18222ms, reverting
commenting out line Lines { lines: 90..=90 } in "tmp/23/seq_is_unique_v.rs"
verus failed with time: 19113ms, reverting
commenting out line Lines { lines: 233..=233 } in "tmp/21/net_sht_v.rs"
verus succeeded with time: 21634ms, keeping it commented out
commenting out line Lines { lines: 269..=269 } in "tmp/8/delegation_map_v.rs"
verus succeeded with time: 20675ms, keeping it commented out
commenting out line Lines { lines: 381..=381 } in "tmp/13/host_impl_v.rs"
verus succeeded with time: 21478ms, keeping it commented out
commenting out line Lines { lines: 179..=179 } in "tmp/24/single_delivery_model_v.rs"
verus succeeded with time: 20598ms, keeping it commented out
commenting out line Lines { lines: 307..=307 } in "tmp/19/marshal_v.rs"
verus failed with time: 20996ms, reverting
commenting out line Lines { lines: 233..=234 } in "tmp/18/marshal_ironsht_specific_v.rs"
verus failed with time: 26944ms, reverting
commenting out line Lines { lines: 91..=91 } in "tmp/23/seq_is_unique_v.rs"
verus succeeded with time: 20489ms, keeping it commented out
commenting out line Lines { lines: 235..=235 } in "tmp/21/net_sht_v.rs"
verus succeeded with time: 20524ms, keeping it commented out
commenting out line Lines { lines: 261..=271 } in "tmp/8/delegation_map_v.rs"
verus succeeded with time: 20328ms, keeping it commented out
commenting out line Lines { lines: 382..=382 } in "tmp/13/host_impl_v.rs"
verus succeeded with time: 19285ms, keeping it commented out
commenting out line Lines { lines: 241..=241 } in "tmp/24/single_delivery_model_v.rs"
verus failed with time: 17851ms, reverting
commenting out line Lines { lines: 322..=322 } in "tmp/19/marshal_v.rs"
verus succeeded with time: 21076ms, keeping it commented out
commenting out line Lines { lines: 248..=248 } in "tmp/18/marshal_ironsht_specific_v.rs"
verus succeeded with time: 24024ms, keeping it commented out
commenting out line Lines { lines: 86..=92 } in "tmp/23/seq_is_unique_v.rs"
verus failed with time: 20141ms, reverting
commenting out line Lines { lines: 383..=383 } in "tmp/13/host_impl_v.rs"
verus succeeded with time: 20135ms, keeping it commented out
commenting out line Lines { lines: 235..=243 } in "tmp/24/single_delivery_model_v.rs"
verus failed with time: 19133ms, reverting
commenting out line Lines { lines: 236..=236 } in "tmp/21/net_sht_v.rs"
verus succeeded with time: 21228ms, keeping it commented out
commenting out line Lines { lines: 277..=277 } in "tmp/8/delegation_map_v.rs"
verus succeeded with time: 20858ms, keeping it commented out
commenting out line Lines { lines: 336..=336 } in "tmp/19/marshal_v.rs"
verus succeeded with time: 21337ms, keeping it commented out
commenting out line Lines { lines: 99..=101 } in "tmp/23/seq_is_unique_v.rs"
verus failed with time: 20247ms, reverting
commenting out line Lines { lines: 248..=248 } in "tmp/24/single_delivery_model_v.rs"
verus failed with time: 19641ms, reverting
commenting out line Lines { lines: 384..=384 } in "tmp/13/host_impl_v.rs"
verus succeeded with time: 20456ms, keeping it commented out
commenting out line Lines { lines: 272..=279 } in "tmp/8/delegation_map_v.rs"
verus succeeded with time: 21574ms, keeping it commented out
commenting out line Lines { lines: 237..=237 } in "tmp/21/net_sht_v.rs"
verus succeeded with time: 21821ms, keeping it commented out
commenting out line Lines { lines: 253..=253 } in "tmp/18/marshal_ironsht_specific_v.rs"
verus succeeded with time: 25212ms, keeping it commented out
commenting out line Lines { lines: 337..=337 } in "tmp/19/marshal_v.rs"
verus failed with time: 20265ms, reverting
commenting out line Lines { lines: 115..=115 } in "tmp/23/seq_is_unique_v.rs"
verus failed with time: 18354ms, reverting
commenting out line Lines { lines: 245..=250 } in "tmp/24/single_delivery_model_v.rs"
verus failed with time: 20524ms, reverting
commenting out line Lines { lines: 385..=385 } in "tmp/13/host_impl_v.rs"
verus succeeded with time: 22582ms, keeping it commented out
commenting out line Lines { lines: 309..=311 } in "tmp/8/delegation_map_v.rs"
verus failed with time: 21114ms, reverting
commenting out line Lines { lines: 275..=275 } in "tmp/24/single_delivery_model_v.rs"
verus failed with time: 3117ms, reverting
commenting out line Lines { lines: 238..=238 } in "tmp/21/net_sht_v.rs"
verus succeeded with time: 21169ms, keeping it commented out
commenting out line Lines { lines: 261..=261 } in "tmp/18/marshal_ironsht_specific_v.rs"
verus succeeded with time: 26129ms, keeping it commented out
commenting out line Lines { lines: 350..=350 } in "tmp/19/marshal_v.rs"
verus succeeded with time: 19440ms, keeping it commented out
commenting out line Lines { lines: 165..=165 } in "tmp/23/seq_is_unique_v.rs"
verus succeeded with time: 21509ms, keeping it commented out
commenting out line Lines { lines: 386..=386 } in "tmp/13/host_impl_v.rs"
verus succeeded with time: 19730ms, keeping it commented out
commenting out line Lines { lines: 315..=315 } in "tmp/8/delegation_map_v.rs"
verus succeeded with time: 20339ms, keeping it commented out
commenting out line Lines { lines: 239..=239 } in "tmp/21/net_sht_v.rs"
verus succeeded with time: 20617ms, keeping it commented out
commenting out line Lines { lines: 320..=322 } in "tmp/24/single_delivery_model_v.rs"
verus failed with time: 20999ms, reverting
commenting out line Lines { lines: 333..=333 } in "tmp/24/single_delivery_model_v.rs"
verus failed with time: 3138ms, reverting
commenting out line Lines { lines: 262..=262 } in "tmp/18/marshal_ironsht_specific_v.rs"
verus succeeded with time: 23665ms, keeping it commented out
commenting out line Lines { lines: 357..=357 } in "tmp/19/marshal_v.rs"
verus failed with time: 18207ms, reverting
commenting out line Lines { lines: 166..=166 } in "tmp/23/seq_is_unique_v.rs"
verus succeeded with time: 19191ms, keeping it commented out
commenting out line Lines { lines: 321..=321 } in "tmp/8/delegation_map_v.rs"
verus failed with time: 18170ms, reverting
commenting out line Lines { lines: 388..=392 } in "tmp/13/host_impl_v.rs"
verus succeeded with time: 20427ms, keeping it commented out
commenting out line Lines { lines: 240..=240 } in "tmp/21/net_sht_v.rs"
verus succeeded with time: 19997ms, keeping it commented out
commenting out line Lines { lines: 376..=376 } in "tmp/24/single_delivery_model_v.rs"
verus succeeded with time: 19932ms, keeping it commented out
commenting out line Lines { lines: 359..=359 } in "tmp/19/marshal_v.rs"
verus failed with time: 18824ms, reverting
commenting out line Lines { lines: 263..=263 } in "tmp/18/marshal_ironsht_specific_v.rs"
verus succeeded with time: 24049ms, keeping it commented out
commenting out line Lines { lines: 162..=168 } in "tmp/23/seq_is_unique_v.rs"
verus succeeded with time: 19792ms, keeping it commented out
minimization of tmp/23/seq_is_unique_v.rs is completed
commenting out line Lines { lines: 323..=323 } in "tmp/8/delegation_map_v.rs"
verus succeeded with time: 20103ms, keeping it commented out
commenting out line Lines { lines: 241..=241 } in "tmp/21/net_sht_v.rs"
verus succeeded with time: 20234ms, keeping it commented out
commenting out line Lines { lines: 412..=412 } in "tmp/13/host_impl_v.rs"
verus succeeded with time: 21195ms, keeping it commented out
commenting out line Lines { lines: 380..=380 } in "tmp/24/single_delivery_model_v.rs"
verus failed with time: 19078ms, reverting
commenting out line Lines { lines: 360..=360 } in "tmp/19/marshal_v.rs"
verus failed with time: 18982ms, reverting
commenting out line Lines { lines: 166..=166 } in "tmp/25/single_delivery_state_v.rs"
verus succeeded with time: 19893ms, keeping it commented out
commenting out line Lines { lines: 264..=264 } in "tmp/18/marshal_ironsht_specific_v.rs"
verus failed with time: 22194ms, reverting
commenting out line Lines { lines: 316..=326 } in "tmp/8/delegation_map_v.rs"
verus failed with time: 20273ms, reverting
commenting out line Lines { lines: 242..=242 } in "tmp/21/net_sht_v.rs"
verus succeeded with time: 20807ms, keeping it commented out
commenting out line Lines { lines: 425..=425 } in "tmp/13/host_impl_v.rs"
verus succeeded with time: 21223ms, keeping it commented out
commenting out line Lines { lines: 442..=442 } in "tmp/24/single_delivery_model_v.rs"
verus succeeded with time: 21088ms, keeping it commented out
commenting out line Lines { lines: 358..=361 } in "tmp/19/marshal_v.rs"
verus failed with time: 17652ms, reverting
commenting out line Lines { lines: 172..=172 } in "tmp/25/single_delivery_state_v.rs"
verus failed with time: 18101ms, reverting
commenting out line Lines { lines: 312..=328 } in "tmp/8/delegation_map_v.rs"
verus failed with time: 19735ms, reverting
commenting out line Lines { lines: 265..=265 } in "tmp/18/marshal_ironsht_specific_v.rs"
verus succeeded with time: 24363ms, keeping it commented out
commenting out line Lines { lines: 366..=366 } in "tmp/19/marshal_v.rs"
verus failed with time: 17505ms, reverting
commenting out line Lines { lines: 426..=426 } in "tmp/13/host_impl_v.rs"
verus succeeded with time: 20412ms, keeping it commented out
commenting out line Lines { lines: 311..=311 } in "tmp/21/net_sht_v.rs"
verus succeeded with time: 21104ms, keeping it commented out
commenting out line Lines { lines: 449..=449 } in "tmp/24/single_delivery_model_v.rs"
verus succeeded with time: 20989ms, keeping it commented out
commenting out line Lines { lines: 173..=173 } in "tmp/25/single_delivery_state_v.rs"
verus succeeded with time: 20846ms, keeping it commented out
commenting out line Lines { lines: 612..=612 } in "tmp/8/delegation_map_v.rs"
verus succeeded with time: 19598ms, keeping it commented out
commenting out line Lines { lines: 425..=425 } in "tmp/19/marshal_v.rs"
verus failed with time: 18803ms, reverting
commenting out line Lines { lines: 378..=378 } in "tmp/21/net_sht_v.rs"
verus succeeded with time: 20476ms, keeping it commented out
commenting out line Lines { lines: 266..=266 } in "tmp/18/marshal_ironsht_specific_v.rs"
verus succeeded with time: 24761ms, keeping it commented out
commenting out line Lines { lines: 430..=430 } in "tmp/13/host_impl_v.rs"
verus succeeded with time: 21459ms, keeping it commented out
commenting out line Lines { lines: 456..=487 } in "tmp/24/single_delivery_model_v.rs"
verus failed with time: 19668ms, reverting
commenting out line Lines { lines: 188..=188 } in "tmp/25/single_delivery_state_v.rs"
verus failed with time: 18886ms, reverting
commenting out line Lines { lines: 614..=614 } in "tmp/8/delegation_map_v.rs"
verus succeeded with time: 19705ms, keeping it commented out
commenting out line Lines { lines: 426..=426 } in "tmp/19/marshal_v.rs"
verus failed with time: 18763ms, reverting
commenting out line Lines { lines: 407..=407 } in "tmp/21/net_sht_v.rs"
verus succeeded with time: 21113ms, keeping it commented out
commenting out line Lines { lines: 427..=431 } in "tmp/13/host_impl_v.rs"
verus succeeded with time: 20534ms, keeping it commented out
commenting out line Lines { lines: 450..=491 } in "tmp/24/single_delivery_model_v.rs"
verus failed with time: 20329ms, reverting
commenting out line Lines { lines: 257..=267 } in "tmp/18/marshal_ironsht_specific_v.rs"
verus failed with time: 23658ms, reverting
commenting out line Lines { lines: 234..=234 } in "tmp/25/single_delivery_state_v.rs"
verus failed with time: 17719ms, reverting
commenting out line Lines { lines: 615..=615 } in "tmp/8/delegation_map_v.rs"
verus failed with time: 18921ms, reverting
commenting out line Lines { lines: 428..=428 } in "tmp/19/marshal_v.rs"
verus failed with time: 18571ms, reverting
commenting out line Lines { lines: 409..=409 } in "tmp/21/net_sht_v.rs"
verus failed with time: 20559ms, reverting
commenting out line Lines { lines: 492..=494 } in "tmp/24/single_delivery_model_v.rs"
verus failed with time: 20936ms, reverting
commenting out line Lines { lines: 432..=432 } in "tmp/13/host_impl_v.rs"
verus succeeded with time: 21963ms, keeping it commented out
commenting out line Lines { lines: 366..=366 } in "tmp/25/single_delivery_state_v.rs"
verus succeeded with time: 20681ms, keeping it commented out
commenting out line Lines { lines: 280..=280 } in "tmp/18/marshal_ironsht_specific_v.rs"
verus succeeded with time: 25934ms, keeping it commented out
commenting out line Lines { lines: 429..=429 } in "tmp/19/marshal_v.rs"
verus failed with time: 18317ms, reverting
commenting out line Lines { lines: 618..=618 } in "tmp/8/delegation_map_v.rs"
verus succeeded with time: 20501ms, keeping it commented out
commenting out line Lines { lines: 404..=411 } in "tmp/21/net_sht_v.rs"
verus failed with time: 17780ms, reverting
commenting out line Lines { lines: 504..=504 } in "tmp/24/single_delivery_model_v.rs"
verus failed with time: 18965ms, reverting
commenting out line Lines { lines: 475..=475 } in "tmp/13/host_impl_v.rs"
verus succeeded with time: 19924ms, keeping it commented out
commenting out line Lines { lines: 369..=369 } in "tmp/25/single_delivery_state_v.rs"
verus succeeded with time: 19492ms, keeping it commented out
commenting out line Lines { lines: 430..=430 } in "tmp/19/marshal_v.rs"
verus failed with time: 18957ms, reverting
commenting out line Lines { lines: 622..=622 } in "tmp/8/delegation_map_v.rs"
verus failed with time: 18723ms, reverting
commenting out line Lines { lines: 281..=281 } in "tmp/18/marshal_ironsht_specific_v.rs"
verus succeeded with time: 24530ms, keeping it commented out
commenting out line Lines { lines: 414..=414 } in "tmp/21/net_sht_v.rs"
verus succeeded with time: 19926ms, keeping it commented out
commenting out line Lines { lines: 510..=510 } in "tmp/24/single_delivery_model_v.rs"
verus failed with time: 18631ms, reverting
commenting out line Lines { lines: 480..=480 } in "tmp/13/host_impl_v.rs"
verus succeeded with time: 19630ms, keeping it commented out
commenting out line Lines { lines: 370..=370 } in "tmp/25/single_delivery_state_v.rs"
verus failed with time: 17999ms, reverting
commenting out line Lines { lines: 432..=432 } in "tmp/19/marshal_v.rs"
verus failed with time: 19334ms, reverting
commenting out line Lines { lines: 718..=725 } in "tmp/8/delegation_map_v.rs"
verus failed with time: 18524ms, reverting
commenting out line Lines { lines: 282..=282 } in "tmp/18/marshal_ironsht_specific_v.rs"
verus succeeded with time: 24410ms, keeping it commented out
commenting out line Lines { lines: 507..=512 } in "tmp/24/single_delivery_model_v.rs"
verus succeeded with time: 19621ms, keeping it commented out
commenting out line Lines { lines: 416..=416 } in "tmp/21/net_sht_v.rs"
verus succeeded with time: 20620ms, keeping it commented out
commenting out line Lines { lines: 481..=481 } in "tmp/13/host_impl_v.rs"
verus succeeded with time: 20197ms, keeping it commented out
commenting out line Lines { lines: 372..=372 } in "tmp/25/single_delivery_state_v.rs"
verus succeeded with time: 19496ms, keeping it commented out
minimization of tmp/25/single_delivery_state_v.rs is completed
minimization of tmp/26/single_delivery_t.rs is completed
minimization of tmp/27/single_message_t.rs is completed
minimization of tmp/28/verus_extra/mod.rs is completed
minimization of tmp/29/verus_extra/choose_v.rs is completed
minimization of tmp/30/verus_extra/clone_v.rs is completed
commenting out line Lines { lines: 433..=433 } in "tmp/19/marshal_v.rs"
verus failed with time: 18762ms, reverting
commenting out line Lines { lines: 726..=726 } in "tmp/8/delegation_map_v.rs"
verus succeeded with time: 19744ms, keeping it commented out
commenting out line Lines { lines: 516..=516 } in "tmp/24/single_delivery_model_v.rs"
verus failed with time: 20550ms, reverting
commenting out line Lines { lines: 418..=418 } in "tmp/21/net_sht_v.rs"
verus succeeded with time: 20093ms, keeping it commented out
commenting out line Lines { lines: 484..=484 } in "tmp/13/host_impl_v.rs"
verus failed with time: 18629ms, reverting
commenting out line Lines { lines: 283..=283 } in "tmp/18/marshal_ironsht_specific_v.rs"
verus succeeded with time: 24329ms, keeping it commented out
commenting out line Lines { lines: 18..=18 } in "tmp/31/verus_extra/seq_lib_v.rs"
verus failed with time: 19222ms, reverting
commenting out line Lines { lines: 445..=445 } in "tmp/19/marshal_v.rs"
verus failed with time: 19847ms, reverting
commenting out line Lines { lines: 730..=735 } in "tmp/8/delegation_map_v.rs"
verus failed with time: 18743ms, reverting
commenting out line Lines { lines: 517..=517 } in "tmp/24/single_delivery_model_v.rs"
verus succeeded with time: 21369ms, keeping it commented out
commenting out line Lines { lines: 412..=420 } in "tmp/21/net_sht_v.rs"
verus succeeded with time: 21880ms, keeping it commented out
commenting out line Lines { lines: 485..=485 } in "tmp/13/host_impl_v.rs"
verus succeeded with time: 20931ms, keeping it commented out
commenting out line Lines { lines: 51..=51 } in "tmp/31/verus_extra/seq_lib_v.rs"
verus succeeded with time: 21444ms, keeping it commented out
commenting out line Lines { lines: 284..=284 } in "tmp/18/marshal_ironsht_specific_v.rs"
verus failed with time: 22817ms, reverting
commenting out line Lines { lines: 446..=446 } in "tmp/19/marshal_v.rs"
verus failed with time: 19014ms, reverting
commenting out line Lines { lines: 736..=736 } in "tmp/8/delegation_map_v.rs"
verus succeeded with time: 19119ms, keeping it commented out
commenting out line Lines { lines: 421..=421 } in "tmp/21/net_sht_v.rs"
verus failed with time: 20413ms, reverting
minimization of tmp/21/net_sht_v.rs is completed
commenting out line Lines { lines: 482..=486 } in "tmp/13/host_impl_v.rs"
verus failed with time: 19676ms, reverting
commenting out line Lines { lines: 520..=520 } in "tmp/24/single_delivery_model_v.rs"
verus succeeded with time: 21650ms, keeping it commented out
commenting out line Lines { lines: 82..=82 } in "tmp/31/verus_extra/seq_lib_v.rs"
verus succeeded with time: 21262ms, keeping it commented out
commenting out line Lines { lines: 505..=505 } in "tmp/19/marshal_v.rs"
verus failed with time: 19413ms, reverting
commenting out line Lines { lines: 711..=742 } in "tmp/8/delegation_map_v.rs"
verus failed with time: 19428ms, reverting
commenting out line Lines { lines: 285..=285 } in "tmp/18/marshal_ironsht_specific_v.rs"
verus succeeded with time: 26239ms, keeping it commented out
commenting out line Lines { lines: 61..=64 } in "tmp/32/verus_extra/set_lib_ext_v.rs"
verus failed with time: 18745ms, reverting
commenting out line Lines { lines: 489..=489 } in "tmp/13/host_impl_v.rs"
verus failed with time: 18899ms, reverting
commenting out line Lines { lines: 521..=521 } in "tmp/24/single_delivery_model_v.rs"
verus succeeded with time: 20189ms, keeping it commented out
commenting out line Lines { lines: 94..=96 } in "tmp/31/verus_extra/seq_lib_v.rs"
verus failed with time: 19762ms, reverting
commenting out line Lines { lines: 506..=506 } in "tmp/19/marshal_v.rs"
verus failed with time: 19438ms, reverting
commenting out line Lines { lines: 770..=770 } in "tmp/8/delegation_map_v.rs"
verus succeeded with time: 20694ms, keeping it commented out
commenting out line Lines { lines: 278..=286 } in "tmp/18/marshal_ironsht_specific_v.rs"
verus failed with time: 24030ms, reverting
commenting out line Lines { lines: 85..=88 } in "tmp/32/verus_extra/set_lib_ext_v.rs"
verus failed with time: 19981ms, reverting
commenting out line Lines { lines: 490..=490 } in "tmp/13/host_impl_v.rs"
verus succeeded with time: 19930ms, keeping it commented out
commenting out line Lines { lines: 514..=523 } in "tmp/24/single_delivery_model_v.rs"
verus succeeded with time: 20242ms, keeping it commented out
commenting out line Lines { lines: 513..=513 } in "tmp/19/marshal_v.rs"
verus failed with time: 18823ms, reverting
commenting out line Lines { lines: 97..=97 } in "tmp/31/verus_extra/seq_lib_v.rs"
verus succeeded with time: 20327ms, keeping it commented out
commenting out line Lines { lines: 777..=777 } in "tmp/8/delegation_map_v.rs"
verus succeeded with time: 20656ms, keeping it commented out
commenting out line Lines { lines: 487..=491 } in "tmp/13/host_impl_v.rs"
verus failed with time: 18461ms, reverting
commenting out line Lines { lines: 288..=288 } in "tmp/18/marshal_ironsht_specific_v.rs"
verus failed with time: 23419ms, reverting
commenting out line Lines { lines: 107..=110 } in "tmp/32/verus_extra/set_lib_ext_v.rs"
verus failed with time: 20073ms, reverting
commenting out line Lines { lines: 525..=526 } in "tmp/24/single_delivery_model_v.rs"
verus failed with time: 19195ms, reverting
commenting out line Lines { lines: 514..=514 } in "tmp/19/marshal_v.rs"
verus failed with time: 19836ms, reverting
commenting out line Lines { lines: 148..=148 } in "tmp/31/verus_extra/seq_lib_v.rs"
verus succeeded with time: 20095ms, keeping it commented out
commenting out line Lines { lines: 768..=779 } in "tmp/8/delegation_map_v.rs"
verus failed with time: 20774ms, reverting
commenting out line Lines { lines: 472..=494 } in "tmp/13/host_impl_v.rs"
verus failed with time: 20149ms, reverting
commenting out line Lines { lines: 133..=133 } in "tmp/32/verus_extra/set_lib_ext_v.rs"
verus failed with time: 19193ms, reverting
commenting out line Lines { lines: 271..=289 } in "tmp/18/marshal_ironsht_specific_v.rs"
verus failed with time: 22162ms, reverting
commenting out line Lines { lines: 572..=572 } in "tmp/24/single_delivery_model_v.rs"
verus failed with time: 19644ms, reverting
minimization of tmp/24/single_delivery_model_v.rs is completed
commenting out line Lines { lines: 518..=518 } in "tmp/19/marshal_v.rs"
verus failed with time: 19779ms, reverting
commenting out line Lines { lines: 166..=166 } in "tmp/31/verus_extra/seq_lib_v.rs"
verus failed with time: 18524ms, reverting
commenting out line Lines { lines: 805..=811 } in "tmp/8/delegation_map_v.rs"
verus failed with time: 17901ms, reverting
commenting out line Lines { lines: 129..=135 } in "tmp/32/verus_extra/set_lib_ext_v.rs"
verus succeeded with time: 19349ms, keeping it commented out
commenting out line Lines { lines: 498..=498 } in "tmp/13/host_impl_v.rs"
verus succeeded with time: 20613ms, keeping it commented out
commenting out line Lines { lines: 519..=519 } in "tmp/19/marshal_v.rs"
verus failed with time: 18884ms, reverting
commenting out line Lines { lines: 303..=303 } in "tmp/18/marshal_ironsht_specific_v.rs"
verus succeeded with time: 23090ms, keeping it commented out
commenting out line Lines { lines: 207..=207 } in "tmp/31/verus_extra/seq_lib_v.rs"
verus succeeded with time: 20311ms, keeping it commented out
commenting out line Lines { lines: 818..=821 } in "tmp/8/delegation_map_v.rs"
verus failed with time: 18255ms, reverting
commenting out line Lines { lines: 495..=501 } in "tmp/13/host_impl_v.rs"
verus failed with time: 18261ms, reverting
commenting out line Lines { lines: 139..=139 } in "tmp/32/verus_extra/set_lib_ext_v.rs"
verus succeeded with time: 19690ms, keeping it commented out
commenting out line Lines { lines: 544..=544 } in "tmp/19/marshal_v.rs"
verus failed with time: 18243ms, reverting
commenting out line Lines { lines: 822..=822 } in "tmp/8/delegation_map_v.rs"
verus failed with time: 17562ms, reverting
commenting out line Lines { lines: 210..=210 } in "tmp/31/verus_extra/seq_lib_v.rs"
verus failed with time: 17754ms, reverting
commenting out line Lines { lines: 304..=304 } in "tmp/18/marshal_ironsht_specific_v.rs"
verus failed with time: 22838ms, reverting
commenting out line Lines { lines: 140..=140 } in "tmp/32/verus_extra/set_lib_ext_v.rs"
verus failed with time: 18203ms, reverting
commenting out line Lines { lines: 505..=505 } in "tmp/13/host_impl_v.rs"
verus failed with time: 18951ms, reverting
commenting out line Lines { lines: 554..=554 } in "tmp/19/marshal_v.rs"
verus failed with time: 17857ms, reverting
commenting out line Lines { lines: 823..=825 } in "tmp/8/delegation_map_v.rs"
verus failed with time: 19085ms, reverting
commenting out line Lines { lines: 214..=214 } in "tmp/31/verus_extra/seq_lib_v.rs"
verus succeeded with time: 19804ms, keeping it commented out
commenting out line Lines { lines: 305..=305 } in "tmp/18/marshal_ironsht_specific_v.rs"
verus succeeded with time: 23741ms, keeping it commented out
commenting out line Lines { lines: 504..=506 } in "tmp/13/host_impl_v.rs"
verus failed with time: 16810ms, reverting
commenting out line Lines { lines: 142..=142 } in "tmp/32/verus_extra/set_lib_ext_v.rs"
verus failed with time: 17554ms, reverting
commenting out line Lines { lines: 558..=558 } in "tmp/19/marshal_v.rs"
verus failed with time: 17675ms, reverting
commenting out line Lines { lines: 829..=832 } in "tmp/8/delegation_map_v.rs"
verus failed with time: 18218ms, reverting
commenting out line Lines { lines: 248..=248 } in "tmp/31/verus_extra/seq_lib_v.rs"
verus succeeded with time: 20097ms, keeping it commented out
commenting out line Lines { lines: 502..=508 } in "tmp/13/host_impl_v.rs"
verus failed with time: 16948ms, reverting
commenting out line Lines { lines: 136..=144 } in "tmp/32/verus_extra/set_lib_ext_v.rs"
verus failed with time: 17346ms, reverting
commenting out line Lines { lines: 306..=306 } in "tmp/18/marshal_ironsht_specific_v.rs"
verus failed with time: 21382ms, reverting
commenting out line Lines { lines: 559..=559 } in "tmp/19/marshal_v.rs"
verus failed with time: 17524ms, reverting
commenting out line Lines { lines: 833..=833 } in "tmp/8/delegation_map_v.rs"
verus failed with time: 17501ms, reverting
commenting out line Lines { lines: 249..=249 } in "tmp/31/verus_extra/seq_lib_v.rs"
verus succeeded with time: 19140ms, keeping it commented out
commenting out line Lines { lines: 195..=197 } in "tmp/32/verus_extra/set_lib_ext_v.rs"
verus failed with time: 17630ms, reverting
commenting out line Lines { lines: 511..=511 } in "tmp/13/host_impl_v.rs"
verus succeeded with time: 19019ms, keeping it commented out
commenting out line Lines { lines: 576..=576 } in "tmp/19/marshal_v.rs"
verus failed with time: 17546ms, reverting
commenting out line Lines { lines: 307..=307 } in "tmp/18/marshal_ironsht_specific_v.rs"
verus succeeded with time: 22468ms, keeping it commented out
commenting out line Lines { lines: 835..=835 } in "tmp/8/delegation_map_v.rs"
verus succeeded with time: 19232ms, keeping it commented out
commenting out line Lines { lines: 252..=252 } in "tmp/31/verus_extra/seq_lib_v.rs"
verus failed with time: 16913ms, reverting
commenting out line Lines { lines: 512..=512 } in "tmp/13/host_impl_v.rs"
verus failed with time: 17148ms, reverting
commenting out line Lines { lines: 206..=206 } in "tmp/32/verus_extra/set_lib_ext_v.rs"
verus succeeded with time: 19251ms, keeping it commented out
commenting out line Lines { lines: 577..=577 } in "tmp/19/marshal_v.rs"
verus failed with time: 17041ms, reverting
commenting out line Lines { lines: 834..=837 } in "tmp/8/delegation_map_v.rs"
verus failed with time: 18788ms, reverting
commenting out line Lines { lines: 253..=253 } in "tmp/31/verus_extra/seq_lib_v.rs"
verus failed with time: 16974ms, reverting
commenting out line Lines { lines: 291..=308 } in "tmp/18/marshal_ironsht_specific_v.rs"
verus failed with time: 23049ms, reverting
commenting out line Lines { lines: 509..=513 } in "tmp/13/host_impl_v.rs"
verus failed with time: 17775ms, reverting
commenting out line Lines { lines: 209..=209 } in "tmp/32/verus_extra/set_lib_ext_v.rs"
verus succeeded with time: 19469ms, keeping it commented out
commenting out line Lines { lines: 582..=582 } in "tmp/19/marshal_v.rs"
verus succeeded with time: 20113ms, keeping it commented out
commenting out line Lines { lines: 842..=844 } in "tmp/8/delegation_map_v.rs"
verus failed with time: 18245ms, reverting
commenting out line Lines { lines: 266..=266 } in "tmp/31/verus_extra/seq_lib_v.rs"
verus failed with time: 18108ms, reverting
minimization of tmp/31/verus_extra/seq_lib_v.rs is completed
commenting out line Lines { lines: 311..=311 } in "tmp/18/marshal_ironsht_specific_v.rs"
verus succeeded with time: 22098ms, keeping it commented out
commenting out line Lines { lines: 515..=515 } in "tmp/13/host_impl_v.rs"
verus succeeded with time: 18205ms, keeping it commented out
commenting out line Lines { lines: 212..=212 } in "tmp/32/verus_extra/set_lib_ext_v.rs"
verus succeeded with time: 17666ms, keeping it commented out
commenting out line Lines { lines: 585..=585 } in "tmp/19/marshal_v.rs"
verus failed with time: 17148ms, reverting
commenting out line Lines { lines: 906..=908 } in "tmp/8/delegation_map_v.rs"
verus failed with time: 16631ms, reverting
commenting out line Lines { lines: 514..=516 } in "tmp/13/host_impl_v.rs"
verus succeeded with time: 18010ms, keeping it commented out
commenting out line Lines { lines: 312..=312 } in "tmp/18/marshal_ironsht_specific_v.rs"
verus succeeded with time: 21964ms, keeping it commented out
commenting out line Lines { lines: 603..=605 } in "tmp/19/marshal_v.rs"
verus failed with time: 16461ms, reverting
commenting out line Lines { lines: 205..=214 } in "tmp/32/verus_extra/set_lib_ext_v.rs"
verus succeeded with time: 17659ms, keeping it commented out
commenting out line Lines { lines: 917..=917 } in "tmp/8/delegation_map_v.rs"
verus succeeded with time: 17793ms, keeping it commented out
commenting out line Lines { lines: 572..=573 } in "tmp/13/host_impl_v.rs"
verus failed with time: 16556ms, reverting
commenting out line Lines { lines: 628..=628 } in "tmp/19/marshal_v.rs"
verus failed with time: 16543ms, reverting
commenting out line Lines { lines: 222..=224 } in "tmp/32/verus_extra/set_lib_ext_v.rs"
verus failed with time: 17209ms, reverting
commenting out line Lines { lines: 310..=313 } in "tmp/18/marshal_ironsht_specific_v.rs"
verus succeeded with time: 21639ms, keeping it commented out
commenting out line Lines { lines: 921..=936 } in "tmp/8/delegation_map_v.rs"
verus failed with time: 16956ms, reverting
commenting out line Lines { lines: 574..=574 } in "tmp/13/host_impl_v.rs"
verus succeeded with time: 17721ms, keeping it commented out
commenting out line Lines { lines: 640..=640 } in "tmp/19/marshal_v.rs"
verus succeeded with time: 17832ms, keeping it commented out
commenting out line Lines { lines: 275..=277 } in "tmp/32/verus_extra/set_lib_ext_v.rs"
verus failed with time: 17046ms, reverting
commenting out line Lines { lines: 937..=974 } in "tmp/8/delegation_map_v.rs"
verus failed with time: 17738ms, reverting
commenting out line Lines { lines: 314..=314 } in "tmp/18/marshal_ironsht_specific_v.rs"
verus succeeded with time: 21958ms, keeping it commented out
commenting out line Lines { lines: 591..=591 } in "tmp/13/host_impl_v.rs"
verus succeeded with time: 18222ms, keeping it commented out
commenting out line Lines { lines: 650..=650 } in "tmp/19/marshal_v.rs"
verus succeeded with time: 18187ms, keeping it commented out
commenting out line Lines { lines: 285..=285 } in "tmp/32/verus_extra/set_lib_ext_v.rs"
verus succeeded with time: 18243ms, keeping it commented out
commenting out line Lines { lines: 990..=990 } in "tmp/8/delegation_map_v.rs"
verus succeeded with time: 18295ms, keeping it commented out
commenting out line Lines { lines: 316..=316 } in "tmp/18/marshal_ironsht_specific_v.rs"
verus succeeded with time: 22462ms, keeping it commented out
minimization of tmp/18/marshal_ironsht_specific_v.rs is completed
commenting out line Lines { lines: 592..=592 } in "tmp/13/host_impl_v.rs"
verus failed with time: 16992ms, reverting
commenting out line Lines { lines: 284..=286 } in "tmp/32/verus_extra/set_lib_ext_v.rs"
verus failed with time: 16425ms, reverting
commenting out line Lines { lines: 647..=652 } in "tmp/19/marshal_v.rs"
verus succeeded with time: 17609ms, keeping it commented out
commenting out line Lines { lines: 1002..=1002 } in "tmp/8/delegation_map_v.rs"
verus succeeded with time: 18014ms, keeping it commented out
commenting out line Lines { lines: 594..=594 } in "tmp/13/host_impl_v.rs"
verus failed with time: 16077ms, reverting
commenting out line Lines { lines: 300..=300 } in "tmp/32/verus_extra/set_lib_ext_v.rs"
verus failed with time: 16224ms, reverting
commenting out line Lines { lines: 654..=654 } in "tmp/19/marshal_v.rs"
verus succeeded with time: 17120ms, keeping it commented out
commenting out line Lines { lines: 1004..=1004 } in "tmp/8/delegation_map_v.rs"
verus succeeded with time: 17296ms, keeping it commented out
commenting out line Lines { lines: 595..=595 } in "tmp/13/host_impl_v.rs"
verus succeeded with time: 17236ms, keeping it commented out
commenting out line Lines { lines: 299..=301 } in "tmp/32/verus_extra/set_lib_ext_v.rs"
verus failed with time: 15982ms, reverting
minimization of tmp/32/verus_extra/set_lib_ext_v.rs is completed
commenting out line Lines { lines: 657..=657 } in "tmp/19/marshal_v.rs"
verus failed with time: 16222ms, reverting
commenting out line Lines { lines: 1006..=1006 } in "tmp/8/delegation_map_v.rs"
verus succeeded with time: 17278ms, keeping it commented out
commenting out line Lines { lines: 596..=597 } in "tmp/13/host_impl_v.rs"
verus succeeded with time: 16431ms, keeping it commented out
commenting out line Lines { lines: 671..=671 } in "tmp/19/marshal_v.rs"
verus succeeded with time: 16691ms, keeping it commented out
commenting out line Lines { lines: 989..=1009 } in "tmp/8/delegation_map_v.rs"
verus failed with time: 15346ms, reverting
commenting out line Lines { lines: 598..=599 } in "tmp/13/host_impl_v.rs"
verus failed with time: 15281ms, reverting
commenting out line Lines { lines: 673..=673 } in "tmp/19/marshal_v.rs"
verus failed with time: 15626ms, reverting
commenting out line Lines { lines: 975..=1011 } in "tmp/8/delegation_map_v.rs"
verus failed with time: 15994ms, reverting
commenting out line Lines { lines: 600..=600 } in "tmp/13/host_impl_v.rs"
verus succeeded with time: 17185ms, keeping it commented out
commenting out line Lines { lines: 675..=675 } in "tmp/19/marshal_v.rs"
verus failed with time: 15782ms, reverting
commenting out line Lines { lines: 1080..=1080 } in "tmp/8/delegation_map_v.rs"
verus succeeded with time: 17147ms, keeping it commented out
commenting out line Lines { lines: 605..=605 } in "tmp/13/host_impl_v.rs"
verus succeeded with time: 16771ms, keeping it commented out
commenting out line Lines { lines: 662..=676 } in "tmp/19/marshal_v.rs"
verus failed with time: 15943ms, reverting
commenting out line Lines { lines: 1082..=1082 } in "tmp/8/delegation_map_v.rs"
verus succeeded with time: 16991ms, keeping it commented out
commenting out line Lines { lines: 607..=607 } in "tmp/13/host_impl_v.rs"
verus failed with time: 15242ms, reverting
commenting out line Lines { lines: 678..=678 } in "tmp/19/marshal_v.rs"
verus succeeded with time: 16779ms, keeping it commented out
commenting out line Lines { lines: 1084..=1086 } in "tmp/8/delegation_map_v.rs"
verus succeeded with time: 16834ms, keeping it commented out
commenting out line Lines { lines: 615..=615 } in "tmp/13/host_impl_v.rs"
verus succeeded with time: 16910ms, keeping it commented out
commenting out line Lines { lines: 699..=699 } in "tmp/19/marshal_v.rs"
verus failed with time: 15510ms, reverting
commenting out line Lines { lines: 1131..=1133 } in "tmp/8/delegation_map_v.rs"
verus failed with time: 15825ms, reverting
commenting out line Lines { lines: 619..=619 } in "tmp/13/host_impl_v.rs"
verus failed with time: 15067ms, reverting
commenting out line Lines { lines: 713..=713 } in "tmp/19/marshal_v.rs"
verus failed with time: 15999ms, reverting
commenting out line Lines { lines: 1142..=1144 } in "tmp/8/delegation_map_v.rs"
verus failed with time: 15783ms, reverting
commenting out line Lines { lines: 620..=620 } in "tmp/13/host_impl_v.rs"
verus succeeded with time: 17027ms, keeping it commented out
commenting out line Lines { lines: 717..=717 } in "tmp/19/marshal_v.rs"
verus succeeded with time: 16602ms, keeping it commented out
commenting out line Lines { lines: 1134..=1146 } in "tmp/8/delegation_map_v.rs"
verus failed with time: 15535ms, reverting
commenting out line Lines { lines: 710..=710 } in "tmp/13/host_impl_v.rs"
verus failed with time: 15318ms, reverting
commenting out line Lines { lines: 720..=720 } in "tmp/19/marshal_v.rs"
verus failed with time: 15313ms, reverting
commenting out line Lines { lines: 1155..=1155 } in "tmp/8/delegation_map_v.rs"
verus succeeded with time: 16876ms, keeping it commented out
commenting out line Lines { lines: 711..=711 } in "tmp/13/host_impl_v.rs"
verus succeeded with time: 16418ms, keeping it commented out
commenting out line Lines { lines: 721..=721 } in "tmp/19/marshal_v.rs"
verus failed with time: 15107ms, reverting
commenting out line Lines { lines: 1169..=1169 } in "tmp/8/delegation_map_v.rs"
verus succeeded with time: 16546ms, keeping it commented out
commenting out line Lines { lines: 707..=712 } in "tmp/13/host_impl_v.rs"
verus succeeded with time: 16337ms, keeping it commented out
commenting out line Lines { lines: 728..=728 } in "tmp/19/marshal_v.rs"
verus succeeded with time: 16552ms, keeping it commented out
commenting out line Lines { lines: 1171..=1171 } in "tmp/8/delegation_map_v.rs"
verus succeeded with time: 16827ms, keeping it commented out
commenting out line Lines { lines: 716..=716 } in "tmp/13/host_impl_v.rs"
verus failed with time: 15235ms, reverting
commenting out line Lines { lines: 731..=731 } in "tmp/19/marshal_v.rs"
verus succeeded with time: 16345ms, keeping it commented out
commenting out line Lines { lines: 1172..=1172 } in "tmp/8/delegation_map_v.rs"
verus succeeded with time: 16560ms, keeping it commented out
commenting out line Lines { lines: 738..=738 } in "tmp/19/marshal_v.rs"
verus failed with time: 15075ms, reverting
commenting out line Lines { lines: 714..=718 } in "tmp/13/host_impl_v.rs"
verus succeeded with time: 16715ms, keeping it commented out
commenting out line Lines { lines: 1173..=1173 } in "tmp/8/delegation_map_v.rs"
verus succeeded with time: 16541ms, keeping it commented out
commenting out line Lines { lines: 739..=739 } in "tmp/19/marshal_v.rs"
verus failed with time: 15196ms, reverting
commenting out line Lines { lines: 720..=720 } in "tmp/13/host_impl_v.rs"
verus succeeded with time: 16362ms, keeping it commented out
commenting out line Lines { lines: 1174..=1174 } in "tmp/8/delegation_map_v.rs"
verus failed with time: 15914ms, reverting
commenting out line Lines { lines: 740..=740 } in "tmp/19/marshal_v.rs"
verus succeeded with time: 16381ms, keeping it commented out
commenting out line Lines { lines: 722..=722 } in "tmp/13/host_impl_v.rs"
verus succeeded with time: 16561ms, keeping it commented out
commenting out line Lines { lines: 1175..=1175 } in "tmp/8/delegation_map_v.rs"
verus succeeded with time: 16372ms, keeping it commented out
commenting out line Lines { lines: 756..=759 } in "tmp/19/marshal_v.rs"
verus succeeded with time: 16284ms, keeping it commented out
commenting out line Lines { lines: 726..=726 } in "tmp/13/host_impl_v.rs"
verus succeeded with time: 16621ms, keeping it commented out
commenting out line Lines { lines: 776..=776 } in "tmp/19/marshal_v.rs"
verus failed with time: 15182ms, reverting
commenting out line Lines { lines: 1176..=1176 } in "tmp/8/delegation_map_v.rs"
verus succeeded with time: 16887ms, keeping it commented out
commenting out line Lines { lines: 739..=739 } in "tmp/13/host_impl_v.rs"
verus succeeded with time: 16322ms, keeping it commented out
commenting out line Lines { lines: 786..=786 } in "tmp/19/marshal_v.rs"
verus succeeded with time: 16516ms, keeping it commented out
commenting out line Lines { lines: 1183..=1187 } in "tmp/8/delegation_map_v.rs"
verus succeeded with time: 16922ms, keeping it commented out
commenting out line Lines { lines: 743..=743 } in "tmp/13/host_impl_v.rs"
verus succeeded with time: 16593ms, keeping it commented out
commenting out line Lines { lines: 787..=787 } in "tmp/19/marshal_v.rs"
verus failed with time: 15479ms, reverting
commenting out line Lines { lines: 1189..=1192 } in "tmp/8/delegation_map_v.rs"
verus failed with time: 15284ms, reverting
commenting out line Lines { lines: 751..=751 } in "tmp/13/host_impl_v.rs"
verus failed with time: 15476ms, reverting
commenting out line Lines { lines: 789..=793 } in "tmp/19/marshal_v.rs"
verus failed with time: 15873ms, reverting
commenting out line Lines { lines: 1177..=1193 } in "tmp/8/delegation_map_v.rs"
verus failed with time: 15697ms, reverting
commenting out line Lines { lines: 755..=755 } in "tmp/13/host_impl_v.rs"
verus failed with time: 15633ms, reverting
commenting out line Lines { lines: 794..=797 } in "tmp/19/marshal_v.rs"
verus failed with time: 15611ms, reverting
commenting out line Lines { lines: 1194..=1194 } in "tmp/8/delegation_map_v.rs"
verus succeeded with time: 16068ms, keeping it commented out
commenting out line Lines { lines: 756..=756 } in "tmp/13/host_impl_v.rs"
verus succeeded with time: 16512ms, keeping it commented out
commenting out line Lines { lines: 777..=798 } in "tmp/19/marshal_v.rs"
verus failed with time: 15614ms, reverting
commenting out line Lines { lines: 1201..=1201 } in "tmp/8/delegation_map_v.rs"
verus succeeded with time: 16167ms, keeping it commented out
commenting out line Lines { lines: 790..=790 } in "tmp/13/host_impl_v.rs"
verus failed with time: 15522ms, reverting
commenting out line Lines { lines: 803..=803 } in "tmp/19/marshal_v.rs"
verus failed with time: 15705ms, reverting
commenting out line Lines { lines: 1202..=1202 } in "tmp/8/delegation_map_v.rs"
verus succeeded with time: 16453ms, keeping it commented out
commenting out line Lines { lines: 791..=793 } in "tmp/13/host_impl_v.rs"
verus succeeded with time: 17057ms, keeping it commented out
commenting out line Lines { lines: 823..=823 } in "tmp/19/marshal_v.rs"
verus failed with time: 15620ms, reverting
commenting out line Lines { lines: 1203..=1203 } in "tmp/8/delegation_map_v.rs"
verus succeeded with time: 16530ms, keeping it commented out
commenting out line Lines { lines: 817..=817 } in "tmp/13/host_impl_v.rs"
verus failed with time: 15283ms, reverting
commenting out line Lines { lines: 864..=864 } in "tmp/19/marshal_v.rs"
verus failed with time: 15862ms, reverting
commenting out line Lines { lines: 1226..=1226 } in "tmp/8/delegation_map_v.rs"
verus succeeded with time: 16681ms, keeping it commented out
commenting out line Lines { lines: 825..=827 } in "tmp/13/host_impl_v.rs"
verus succeeded with time: 16344ms, keeping it commented out
commenting out line Lines { lines: 863..=865 } in "tmp/19/marshal_v.rs"
verus succeeded with time: 16837ms, keeping it commented out
commenting out line Lines { lines: 829..=829 } in "tmp/13/host_impl_v.rs"
verus failed with time: 15693ms, reverting
commenting out line Lines { lines: 1240..=1240 } in "tmp/8/delegation_map_v.rs"
verus succeeded with time: 17177ms, keeping it commented out
commenting out line Lines { lines: 866..=866 } in "tmp/19/marshal_v.rs"
verus failed with time: 15366ms, reverting
commenting out line Lines { lines: 1087..=1087 } in "tmp/13/host_impl_v.rs"
verus failed with time: 15210ms, reverting
commenting out line Lines { lines: 1241..=1241 } in "tmp/8/delegation_map_v.rs"
verus succeeded with time: 16685ms, keeping it commented out
commenting out line Lines { lines: 851..=868 } in "tmp/19/marshal_v.rs"
verus failed with time: 15525ms, reverting
commenting out line Lines { lines: 1101..=1101 } in "tmp/13/host_impl_v.rs"
verus succeeded with time: 16711ms, keeping it commented out
commenting out line Lines { lines: 1242..=1242 } in "tmp/8/delegation_map_v.rs"
verus succeeded with time: 16519ms, keeping it commented out
commenting out line Lines { lines: 875..=875 } in "tmp/19/marshal_v.rs"
verus succeeded with time: 16477ms, keeping it commented out
commenting out line Lines { lines: 1124..=1124 } in "tmp/13/host_impl_v.rs"
verus succeeded with time: 17190ms, keeping it commented out
commenting out line Lines { lines: 1254..=1254 } in "tmp/8/delegation_map_v.rs"
verus succeeded with time: 16787ms, keeping it commented out
commenting out line Lines { lines: 876..=876 } in "tmp/19/marshal_v.rs"
verus failed with time: 15362ms, reverting
commenting out line Lines { lines: 1136..=1136 } in "tmp/13/host_impl_v.rs"
verus succeeded with time: 16469ms, keeping it commented out
commenting out line Lines { lines: 1206..=1256 } in "tmp/8/delegation_map_v.rs"
verus failed with time: 15668ms, reverting
commenting out line Lines { lines: 870..=877 } in "tmp/19/marshal_v.rs"
verus failed with time: 15710ms, reverting
commenting out line Lines { lines: 1139..=1144 } in "tmp/13/host_impl_v.rs"
verus failed with time: 15070ms, reverting
commenting out line Lines { lines: 1262..=1262 } in "tmp/8/delegation_map_v.rs"
verus succeeded with time: 17011ms, keeping it commented out
commenting out line Lines { lines: 879..=881 } in "tmp/19/marshal_v.rs"
verus failed with time: 15613ms, reverting
commenting out line Lines { lines: 1151..=1151 } in "tmp/13/host_impl_v.rs"
verus succeeded with time: 16714ms, keeping it commented out
commenting out line Lines { lines: 1263..=1263 } in "tmp/8/delegation_map_v.rs"
verus succeeded with time: 16855ms, keeping it commented out
commenting out line Lines { lines: 883..=885 } in "tmp/19/marshal_v.rs"
verus failed with time: 15356ms, reverting
commenting out line Lines { lines: 1152..=1152 } in "tmp/13/host_impl_v.rs"
verus failed with time: 16282ms, reverting
commenting out line Lines { lines: 1264..=1264 } in "tmp/8/delegation_map_v.rs"
verus succeeded with time: 16710ms, keeping it commented out
commenting out line Lines { lines: 894..=894 } in "tmp/19/marshal_v.rs"
verus failed with time: 15026ms, reverting
commenting out line Lines { lines: 1153..=1158 } in "tmp/13/host_impl_v.rs"
verus failed with time: 15719ms, reverting
commenting out line Lines { lines: 1266..=1266 } in "tmp/8/delegation_map_v.rs"
verus succeeded with time: 17237ms, keeping it commented out
commenting out line Lines { lines: 895..=895 } in "tmp/19/marshal_v.rs"
verus failed with time: 15489ms, reverting
commenting out line Lines { lines: 1168..=1168 } in "tmp/13/host_impl_v.rs"
verus succeeded with time: 17120ms, keeping it commented out
commenting out line Lines { lines: 1267..=1267 } in "tmp/8/delegation_map_v.rs"
verus succeeded with time: 16479ms, keeping it commented out
commenting out line Lines { lines: 896..=896 } in "tmp/19/marshal_v.rs"
verus failed with time: 15548ms, reverting
commenting out line Lines { lines: 1194..=1194 } in "tmp/13/host_impl_v.rs"
verus succeeded with time: 16493ms, keeping it commented out
commenting out line Lines { lines: 901..=901 } in "tmp/19/marshal_v.rs"
verus failed with time: 15824ms, reverting
commenting out line Lines { lines: 1268..=1268 } in "tmp/8/delegation_map_v.rs"
verus succeeded with time: 16692ms, keeping it commented out
commenting out line Lines { lines: 1195..=1195 } in "tmp/13/host_impl_v.rs"
verus succeeded with time: 17151ms, keeping it commented out
commenting out line Lines { lines: 909..=909 } in "tmp/19/marshal_v.rs"
verus failed with time: 15229ms, reverting
commenting out line Lines { lines: 1204..=1210 } in "tmp/13/host_impl_v.rs"
verus failed with time: 1954ms, reverting
commenting out line Lines { lines: 1270..=1270 } in "tmp/8/delegation_map_v.rs"
verus succeeded with time: 16276ms, keeping it commented out
commenting out line Lines { lines: 915..=915 } in "tmp/19/marshal_v.rs"
verus failed with time: 15237ms, reverting
commenting out line Lines { lines: 1211..=1213 } in "tmp/13/host_impl_v.rs"
verus succeeded with time: 16596ms, keeping it commented out
commenting out line Lines { lines: 1274..=1274 } in "tmp/8/delegation_map_v.rs"
verus succeeded with time: 16415ms, keeping it commented out
commenting out line Lines { lines: 911..=916 } in "tmp/19/marshal_v.rs"
verus failed with time: 15242ms, reverting
commenting out line Lines { lines: 1218..=1218 } in "tmp/13/host_impl_v.rs"
verus succeeded with time: 16980ms, keeping it commented out
commenting out line Lines { lines: 1275..=1275 } in "tmp/8/delegation_map_v.rs"
verus succeeded with time: 16443ms, keeping it commented out
commenting out line Lines { lines: 921..=921 } in "tmp/19/marshal_v.rs"
verus failed with time: 15744ms, reverting
commenting out line Lines { lines: 1227..=1229 } in "tmp/13/host_impl_v.rs"
verus failed with time: 15130ms, reverting
commenting out line Lines { lines: 1279..=1279 } in "tmp/8/delegation_map_v.rs"
verus succeeded with time: 16498ms, keeping it commented out
commenting out line Lines { lines: 922..=922 } in "tmp/19/marshal_v.rs"
verus succeeded with time: 16910ms, keeping it commented out
commenting out line Lines { lines: 1240..=1240 } in "tmp/13/host_impl_v.rs"
verus succeeded with time: 16257ms, keeping it commented out
commenting out line Lines { lines: 1283..=1283 } in "tmp/8/delegation_map_v.rs"
verus failed with time: 15321ms, reverting
commenting out line Lines { lines: 924..=924 } in "tmp/19/marshal_v.rs"
verus succeeded with time: 16590ms, keeping it commented out
commenting out line Lines { lines: 1243..=1244 } in "tmp/13/host_impl_v.rs"
verus succeeded with time: 16179ms, keeping it commented out
commenting out line Lines { lines: 1284..=1284 } in "tmp/8/delegation_map_v.rs"
verus failed with time: 15505ms, reverting
commenting out line Lines { lines: 917..=925 } in "tmp/19/marshal_v.rs"
verus failed with time: 15117ms, reverting
commenting out line Lines { lines: 1256..=1257 } in "tmp/13/host_impl_v.rs"
verus succeeded with time: 16579ms, keeping it commented out
commenting out line Lines { lines: 1285..=1285 } in "tmp/8/delegation_map_v.rs"
verus succeeded with time: 16436ms, keeping it commented out
commenting out line Lines { lines: 927..=927 } in "tmp/19/marshal_v.rs"
verus failed with time: 16004ms, reverting
commenting out line Lines { lines: 1267..=1272 } in "tmp/13/host_impl_v.rs"
verus failed with time: 15303ms, reverting
commenting out line Lines { lines: 1288..=1288 } in "tmp/8/delegation_map_v.rs"
verus succeeded with time: 17161ms, keeping it commented out
commenting out line Lines { lines: 926..=928 } in "tmp/19/marshal_v.rs"
verus failed with time: 15210ms, reverting
commenting out line Lines { lines: 1273..=1275 } in "tmp/13/host_impl_v.rs"
verus succeeded with time: 16473ms, keeping it commented out
commenting out line Lines { lines: 1289..=1289 } in "tmp/8/delegation_map_v.rs"
verus succeeded with time: 16820ms, keeping it commented out
commenting out line Lines { lines: 910..=929 } in "tmp/19/marshal_v.rs"
verus failed with time: 15793ms, reverting
commenting out line Lines { lines: 1276..=1276 } in "tmp/13/host_impl_v.rs"
verus succeeded with time: 16523ms, keeping it commented out
commenting out line Lines { lines: 1290..=1290 } in "tmp/8/delegation_map_v.rs"
verus succeeded with time: 16589ms, keeping it commented out
commenting out line Lines { lines: 935..=935 } in "tmp/19/marshal_v.rs"
verus failed with time: 15434ms, reverting
commenting out line Lines { lines: 1277..=1277 } in "tmp/13/host_impl_v.rs"
verus succeeded with time: 17181ms, keeping it commented out
commenting out line Lines { lines: 1291..=1291 } in "tmp/8/delegation_map_v.rs"
verus succeeded with time: 17449ms, keeping it commented out
commenting out line Lines { lines: 931..=936 } in "tmp/19/marshal_v.rs"
verus failed with time: 15862ms, reverting
commenting out line Lines { lines: 1278..=1279 } in "tmp/13/host_impl_v.rs"
verus succeeded with time: 16421ms, keeping it commented out
commenting out line Lines { lines: 1292..=1292 } in "tmp/8/delegation_map_v.rs"
verus failed with time: 15292ms, reverting
commenting out line Lines { lines: 941..=941 } in "tmp/19/marshal_v.rs"
verus failed with time: 15218ms, reverting
commenting out line Lines { lines: 1280..=1282 } in "tmp/13/host_impl_v.rs"
verus succeeded with time: 16465ms, keeping it commented out
commenting out line Lines { lines: 1293..=1293 } in "tmp/8/delegation_map_v.rs"
verus succeeded with time: 17054ms, keeping it commented out
commenting out line Lines { lines: 942..=942 } in "tmp/19/marshal_v.rs"
verus succeeded with time: 16897ms, keeping it commented out
commenting out line Lines { lines: 1289..=1290 } in "tmp/13/host_impl_v.rs"
verus succeeded with time: 16877ms, keeping it commented out
commenting out line Lines { lines: 1294..=1294 } in "tmp/8/delegation_map_v.rs"
verus succeeded with time: 16509ms, keeping it commented out
commenting out line Lines { lines: 944..=944 } in "tmp/19/marshal_v.rs"
verus succeeded with time: 16332ms, keeping it commented out
commenting out line Lines { lines: 1294..=1297 } in "tmp/13/host_impl_v.rs"
verus succeeded with time: 16768ms, keeping it commented out
commenting out line Lines { lines: 1295..=1295 } in "tmp/8/delegation_map_v.rs"
verus succeeded with time: 17441ms, keeping it commented out
commenting out line Lines { lines: 937..=945 } in "tmp/19/marshal_v.rs"
verus failed with time: 15911ms, reverting
commenting out line Lines { lines: 1298..=1300 } in "tmp/13/host_impl_v.rs"
verus succeeded with time: 16874ms, keeping it commented out
commenting out line Lines { lines: 1298..=1298 } in "tmp/8/delegation_map_v.rs"
verus succeeded with time: 16789ms, keeping it commented out
commenting out line Lines { lines: 947..=947 } in "tmp/19/marshal_v.rs"
verus failed with time: 15215ms, reverting
commenting out line Lines { lines: 1308..=1310 } in "tmp/13/host_impl_v.rs"
verus succeeded with time: 16944ms, keeping it commented out
commenting out line Lines { lines: 1299..=1299 } in "tmp/8/delegation_map_v.rs"
verus succeeded with time: 16327ms, keeping it commented out
commenting out line Lines { lines: 946..=948 } in "tmp/19/marshal_v.rs"
verus failed with time: 15883ms, reverting
commenting out line Lines { lines: 1311..=1312 } in "tmp/13/host_impl_v.rs"
verus succeeded with time: 16649ms, keeping it commented out
commenting out line Lines { lines: 1308..=1308 } in "tmp/8/delegation_map_v.rs"
verus succeeded with time: 16623ms, keeping it commented out
commenting out line Lines { lines: 930..=949 } in "tmp/19/marshal_v.rs"
verus failed with time: 15791ms, reverting
commenting out line Lines { lines: 1320..=1320 } in "tmp/13/host_impl_v.rs"
verus failed with time: 15064ms, reverting
commenting out line Lines { lines: 1309..=1309 } in "tmp/8/delegation_map_v.rs"
verus succeeded with time: 16755ms, keeping it commented out
commenting out line Lines { lines: 950..=950 } in "tmp/19/marshal_v.rs"
verus succeeded with time: 17027ms, keeping it commented out
commenting out line Lines { lines: 1321..=1321 } in "tmp/13/host_impl_v.rs"
verus succeeded with time: 16848ms, keeping it commented out
commenting out line Lines { lines: 1205..=1311 } in "tmp/8/delegation_map_v.rs"
verus failed with time: 15235ms, reverting
commenting out line Lines { lines: 953..=953 } in "tmp/19/marshal_v.rs"
verus succeeded with time: 17382ms, keeping it commented out
commenting out line Lines { lines: 1322..=1322 } in "tmp/13/host_impl_v.rs"
verus succeeded with time: 16538ms, keeping it commented out
commenting out line Lines { lines: 1314..=1314 } in "tmp/8/delegation_map_v.rs"
verus failed with time: 15773ms, reverting
commenting out line Lines { lines: 954..=954 } in "tmp/19/marshal_v.rs"
verus failed with time: 15504ms, reverting
commenting out line Lines { lines: 1324..=1324 } in "tmp/13/host_impl_v.rs"
verus failed with time: 15648ms, reverting
commenting out line Lines { lines: 1315..=1315 } in "tmp/8/delegation_map_v.rs"
verus failed with time: 15387ms, reverting
commenting out line Lines { lines: 1331..=1331 } in "tmp/13/host_impl_v.rs"
verus failed with time: 2636ms, reverting
commenting out line Lines { lines: 952..=956 } in "tmp/19/marshal_v.rs"
verus failed with time: 15413ms, reverting
commenting out line Lines { lines: 1334..=1334 } in "tmp/13/host_impl_v.rs"
verus failed with time: 2799ms, reverting
commenting out line Lines { lines: 1316..=1316 } in "tmp/8/delegation_map_v.rs"
verus succeeded with time: 17190ms, keeping it commented out
commenting out line Lines { lines: 951..=958 } in "tmp/19/marshal_v.rs"
verus failed with time: 15048ms, reverting
commenting out line Lines { lines: 1407..=1408 } in "tmp/13/host_impl_v.rs"
verus succeeded with time: 16454ms, keeping it commented out
commenting out line Lines { lines: 1317..=1317 } in "tmp/8/delegation_map_v.rs"
verus succeeded with time: 16958ms, keeping it commented out
commenting out line Lines { lines: 959..=963 } in "tmp/19/marshal_v.rs"
verus succeeded with time: 16433ms, keeping it commented out
commenting out line Lines { lines: 1413..=1414 } in "tmp/13/host_impl_v.rs"
verus succeeded with time: 16298ms, keeping it commented out
commenting out line Lines { lines: 1318..=1318 } in "tmp/8/delegation_map_v.rs"
verus succeeded with time: 16633ms, keeping it commented out
commenting out line Lines { lines: 973..=973 } in "tmp/19/marshal_v.rs"
verus succeeded with time: 16494ms, keeping it commented out
commenting out line Lines { lines: 1419..=1419 } in "tmp/13/host_impl_v.rs"
verus succeeded with time: 16145ms, keeping it commented out
commenting out line Lines { lines: 974..=974 } in "tmp/19/marshal_v.rs"
verus failed with time: 15091ms, reverting
commenting out line Lines { lines: 1319..=1319 } in "tmp/8/delegation_map_v.rs"
verus succeeded with time: 17024ms, keeping it commented out
commenting out line Lines { lines: 1428..=1429 } in "tmp/13/host_impl_v.rs"
verus succeeded with time: 16803ms, keeping it commented out
commenting out line Lines { lines: 1433..=1433 } in "tmp/13/host_impl_v.rs"
verus failed with time: 2934ms, reverting
commenting out line Lines { lines: 1436..=1436 } in "tmp/13/host_impl_v.rs"
verus failed with time: 2971ms, reverting
commenting out line Lines { lines: 1438..=1438 } in "tmp/13/host_impl_v.rs"
verus failed with time: 2068ms, reverting
commenting out line Lines { lines: 975..=975 } in "tmp/19/marshal_v.rs"
verus succeeded with time: 16308ms, keeping it commented out
commenting out line Lines { lines: 1320..=1320 } in "tmp/8/delegation_map_v.rs"
verus succeeded with time: 16441ms, keeping it commented out
commenting out line Lines { lines: 1457..=1457 } in "tmp/13/host_impl_v.rs"
verus failed with time: 15277ms, reverting
commenting out line Lines { lines: 982..=982 } in "tmp/19/marshal_v.rs"
verus succeeded with time: 16353ms, keeping it commented out
commenting out line Lines { lines: 1321..=1321 } in "tmp/8/delegation_map_v.rs"
verus succeeded with time: 17340ms, keeping it commented out
commenting out line Lines { lines: 1471..=1471 } in "tmp/13/host_impl_v.rs"
verus succeeded with time: 16930ms, keeping it commented out
commenting out line Lines { lines: 983..=987 } in "tmp/19/marshal_v.rs"
verus succeeded with time: 16898ms, keeping it commented out
commenting out line Lines { lines: 1147..=1324 } in "tmp/8/delegation_map_v.rs"
verus failed with time: 15085ms, reverting
commenting out line Lines { lines: 1494..=1498 } in "tmp/13/host_impl_v.rs"
verus failed with time: 15287ms, reverting
commenting out line Lines { lines: 1326..=1328 } in "tmp/8/delegation_map_v.rs"
verus failed with time: 15588ms, reverting
commenting out line Lines { lines: 990..=990 } in "tmp/19/marshal_v.rs"
verus succeeded with time: 16408ms, keeping it commented out
commenting out line Lines { lines: 1504..=1506 } in "tmp/13/host_impl_v.rs"
verus failed with time: 16201ms, reverting
commenting out line Lines { lines: 992..=995 } in "tmp/19/marshal_v.rs"
verus failed with time: 16085ms, reverting
commenting out line Lines { lines: 1330..=1333 } in "tmp/8/delegation_map_v.rs"
verus succeeded with time: 16752ms, keeping it commented out
commenting out line Lines { lines: 1538..=1540 } in "tmp/13/host_impl_v.rs"
verus failed with time: 15240ms, reverting
commenting out line Lines { lines: 1407..=1409 } in "tmp/8/delegation_map_v.rs"
verus failed with time: 15407ms, reverting
commenting out line Lines { lines: 1000..=1001 } in "tmp/19/marshal_v.rs"
verus succeeded with time: 16855ms, keeping it commented out
commenting out line Lines { lines: 1542..=1544 } in "tmp/13/host_impl_v.rs"
verus failed with time: 15739ms, reverting
commenting out line Lines { lines: 1413..=1415 } in "tmp/8/delegation_map_v.rs"
verus failed with time: 15671ms, reverting
commenting out line Lines { lines: 1003..=1005 } in "tmp/19/marshal_v.rs"
verus failed with time: 16081ms, reverting
commenting out line Lines { lines: 1546..=1546 } in "tmp/13/host_impl_v.rs"
verus succeeded with time: 17845ms, keeping it commented out
commenting out line Lines { lines: 1553..=1553 } in "tmp/13/host_impl_v.rs"
verus failed with time: 2774ms, reverting
commenting out line Lines { lines: 1556..=1556 } in "tmp/13/host_impl_v.rs"
verus failed with time: 2961ms, reverting
commenting out line Lines { lines: 1416..=1416 } in "tmp/8/delegation_map_v.rs"
verus succeeded with time: 16693ms, keeping it commented out
commenting out line Lines { lines: 1007..=1007 } in "tmp/19/marshal_v.rs"
verus succeeded with time: 16250ms, keeping it commented out
commenting out line Lines { lines: 1433..=1435 } in "tmp/8/delegation_map_v.rs"
verus failed with time: 15188ms, reverting
commenting out line Lines { lines: 1623..=1623 } in "tmp/13/host_impl_v.rs"
verus succeeded with time: 16435ms, keeping it commented out
commenting out line Lines { lines: 989..=1008 } in "tmp/19/marshal_v.rs"
verus failed with time: 15051ms, reverting
commenting out line Lines { lines: 1460..=1462 } in "tmp/8/delegation_map_v.rs"
verus failed with time: 15064ms, reverting
commenting out line Lines { lines: 1011..=1013 } in "tmp/19/marshal_v.rs"
verus failed with time: 15368ms, reverting
commenting out line Lines { lines: 1666..=1666 } in "tmp/13/host_impl_v.rs"
verus succeeded with time: 16535ms, keeping it commented out
commenting out line Lines { lines: 1463..=1463 } in "tmp/8/delegation_map_v.rs"
verus succeeded with time: 16928ms, keeping it commented out
commenting out line Lines { lines: 1009..=1015 } in "tmp/19/marshal_v.rs"
verus failed with time: 15617ms, reverting
commenting out line Lines { lines: 1667..=1667 } in "tmp/13/host_impl_v.rs"
verus succeeded with time: 17147ms, keeping it commented out
commenting out line Lines { lines: 1022..=1023 } in "tmp/19/marshal_v.rs"
verus failed with time: 15788ms, reverting
commenting out line Lines { lines: 1470..=1472 } in "tmp/8/delegation_map_v.rs"
verus succeeded with time: 16600ms, keeping it commented out
commenting out line Lines { lines: 1668..=1668 } in "tmp/13/host_impl_v.rs"
verus succeeded with time: 16708ms, keeping it commented out
commenting out line Lines { lines: 1074..=1074 } in "tmp/19/marshal_v.rs"
verus failed with time: 15098ms, reverting
commenting out line Lines { lines: 1478..=1480 } in "tmp/8/delegation_map_v.rs"
verus succeeded with time: 16320ms, keeping it commented out
commenting out line Lines { lines: 1684..=1684 } in "tmp/13/host_impl_v.rs"
verus succeeded with time: 16938ms, keeping it commented out
commenting out line Lines { lines: 1076..=1076 } in "tmp/19/marshal_v.rs"
verus succeeded with time: 16909ms, keeping it commented out
commenting out line Lines { lines: 1482..=1482 } in "tmp/8/delegation_map_v.rs"
verus succeeded with time: 16697ms, keeping it commented out
commenting out line Lines { lines: 1690..=1690 } in "tmp/13/host_impl_v.rs"
verus succeeded with time: 16758ms, keeping it commented out
commenting out line Lines { lines: 1079..=1079 } in "tmp/19/marshal_v.rs"
verus failed with time: 15806ms, reverting
commenting out line Lines { lines: 1484..=1486 } in "tmp/8/delegation_map_v.rs"
verus failed with time: 15482ms, reverting
commenting out line Lines { lines: 1691..=1691 } in "tmp/13/host_impl_v.rs"
verus succeeded with time: 17079ms, keeping it commented out
commenting out line Lines { lines: 1094..=1094 } in "tmp/19/marshal_v.rs"
verus failed with time: 15103ms, reverting
commenting out line Lines { lines: 1490..=1490 } in "tmp/8/delegation_map_v.rs"
verus succeeded with time: 16989ms, keeping it commented out
commenting out line Lines { lines: 1692..=1692 } in "tmp/13/host_impl_v.rs"
verus succeeded with time: 16473ms, keeping it commented out
commenting out line Lines { lines: 1115..=1115 } in "tmp/19/marshal_v.rs"
verus failed with time: 15238ms, reverting
commenting out line Lines { lines: 1494..=1494 } in "tmp/8/delegation_map_v.rs"
verus succeeded with time: 16675ms, keeping it commented out
commenting out line Lines { lines: 1693..=1693 } in "tmp/13/host_impl_v.rs"
verus succeeded with time: 16567ms, keeping it commented out
commenting out line Lines { lines: 1118..=1118 } in "tmp/19/marshal_v.rs"
verus failed with time: 15589ms, reverting
commenting out line Lines { lines: 1498..=1498 } in "tmp/8/delegation_map_v.rs"
verus succeeded with time: 17100ms, keeping it commented out
commenting out line Lines { lines: 1703..=1703 } in "tmp/13/host_impl_v.rs"
verus succeeded with time: 16621ms, keeping it commented out
commenting out line Lines { lines: 1135..=1135 } in "tmp/19/marshal_v.rs"
verus failed with time: 15083ms, reverting
commenting out line Lines { lines: 1506..=1506 } in "tmp/8/delegation_map_v.rs"
verus succeeded with time: 16813ms, keeping it commented out
commenting out line Lines { lines: 1706..=1708 } in "tmp/13/host_impl_v.rs"
verus succeeded with time: 16542ms, keeping it commented out
commenting out line Lines { lines: 1138..=1138 } in "tmp/19/marshal_v.rs"
verus failed with time: 15154ms, reverting
commenting out line Lines { lines: 1507..=1507 } in "tmp/8/delegation_map_v.rs"
verus succeeded with time: 16830ms, keeping it commented out
commenting out line Lines { lines: 1716..=1716 } in "tmp/13/host_impl_v.rs"
verus succeeded with time: 16607ms, keeping it commented out
commenting out line Lines { lines: 1156..=1157 } in "tmp/19/marshal_v.rs"
verus failed with time: 15859ms, reverting
minimization of tmp/19/marshal_v.rs is completed
commenting out line Lines { lines: 1508..=1508 } in "tmp/8/delegation_map_v.rs"
verus succeeded with time: 16109ms, keeping it commented out
commenting out line Lines { lines: 1742..=1742 } in "tmp/13/host_impl_v.rs"
verus succeeded with time: 16077ms, keeping it commented out
commenting out line Lines { lines: 1509..=1509 } in "tmp/8/delegation_map_v.rs"
verus succeeded with time: 15622ms, keeping it commented out
commenting out line Lines { lines: 1758..=1758 } in "tmp/13/host_impl_v.rs"
verus failed with time: 14701ms, reverting
commenting out line Lines { lines: 1510..=1510 } in "tmp/8/delegation_map_v.rs"
verus succeeded with time: 16049ms, keeping it commented out
commenting out line Lines { lines: 1756..=1759 } in "tmp/13/host_impl_v.rs"
verus failed with time: 14615ms, reverting
commenting out line Lines { lines: 1772..=1772 } in "tmp/13/host_impl_v.rs"
verus failed with time: 14344ms, reverting
commenting out line Lines { lines: 1511..=1511 } in "tmp/8/delegation_map_v.rs"
verus succeeded with time: 15698ms, keeping it commented out
commenting out line Lines { lines: 1771..=1773 } in "tmp/13/host_impl_v.rs"
verus failed with time: 14596ms, reverting
commenting out line Lines { lines: 1512..=1512 } in "tmp/8/delegation_map_v.rs"
verus failed with time: 14805ms, reverting
commenting out line Lines { lines: 1774..=1774 } in "tmp/13/host_impl_v.rs"
verus failed with time: 14637ms, reverting
commenting out line Lines { lines: 1516..=1516 } in "tmp/8/delegation_map_v.rs"
verus succeeded with time: 15851ms, keeping it commented out
commenting out line Lines { lines: 1776..=1776 } in "tmp/13/host_impl_v.rs"
verus failed with time: 14640ms, reverting
commenting out line Lines { lines: 1517..=1517 } in "tmp/8/delegation_map_v.rs"
verus failed with time: 14841ms, reverting
commenting out line Lines { lines: 1778..=1778 } in "tmp/13/host_impl_v.rs"
verus succeeded with time: 16255ms, keeping it commented out
commenting out line Lines { lines: 1521..=1521 } in "tmp/8/delegation_map_v.rs"
verus failed with time: 14907ms, reverting
commenting out line Lines { lines: 1802..=1803 } in "tmp/13/host_impl_v.rs"
verus failed with time: 15359ms, reverting
commenting out line Lines { lines: 1519..=1522 } in "tmp/8/delegation_map_v.rs"
verus failed with time: 14904ms, reverting
commenting out line Lines { lines: 1806..=1807 } in "tmp/13/host_impl_v.rs"
verus succeeded with time: 15989ms, keeping it commented out
commenting out line Lines { lines: 1527..=1527 } in "tmp/8/delegation_map_v.rs"
verus succeeded with time: 16614ms, keeping it commented out
commenting out line Lines { lines: 1809..=1810 } in "tmp/13/host_impl_v.rs"
verus failed with time: 14385ms, reverting
commenting out line Lines { lines: 1530..=1530 } in "tmp/8/delegation_map_v.rs"
verus succeeded with time: 15807ms, keeping it commented out
commenting out line Lines { lines: 1812..=1812 } in "tmp/13/host_impl_v.rs"
verus succeeded with time: 15807ms, keeping it commented out
commenting out line Lines { lines: 1531..=1531 } in "tmp/8/delegation_map_v.rs"
verus succeeded with time: 15692ms, keeping it commented out
commenting out line Lines { lines: 1820..=1820 } in "tmp/13/host_impl_v.rs"
verus succeeded with time: 15938ms, keeping it commented out
commenting out line Lines { lines: 1533..=1533 } in "tmp/8/delegation_map_v.rs"
verus succeeded with time: 16084ms, keeping it commented out
commenting out line Lines { lines: 1823..=1823 } in "tmp/13/host_impl_v.rs"
verus failed with time: 14522ms, reverting
commenting out line Lines { lines: 1537..=1537 } in "tmp/8/delegation_map_v.rs"
verus succeeded with time: 15998ms, keeping it commented out
commenting out line Lines { lines: 1826..=1826 } in "tmp/13/host_impl_v.rs"
verus succeeded with time: 15676ms, keeping it commented out
commenting out line Lines { lines: 1539..=1539 } in "tmp/8/delegation_map_v.rs"
verus succeeded with time: 15490ms, keeping it commented out
commenting out line Lines { lines: 1832..=1832 } in "tmp/13/host_impl_v.rs"
verus succeeded with time: 15438ms, keeping it commented out
commenting out line Lines { lines: 1540..=1540 } in "tmp/8/delegation_map_v.rs"
verus failed with time: 15102ms, reverting
commenting out line Lines { lines: 1836..=1836 } in "tmp/13/host_impl_v.rs"
verus succeeded with time: 16269ms, keeping it commented out
commenting out line Lines { lines: 1541..=1541 } in "tmp/8/delegation_map_v.rs"
verus succeeded with time: 16274ms, keeping it commented out
commenting out line Lines { lines: 1837..=1837 } in "tmp/13/host_impl_v.rs"
verus succeeded with time: 15722ms, keeping it commented out
minimization of tmp/13/host_impl_v.rs is completed
commenting out line Lines { lines: 1547..=1547 } in "tmp/8/delegation_map_v.rs"
verus succeeded with time: 15658ms, keeping it commented out
commenting out line Lines { lines: 1549..=1549 } in "tmp/8/delegation_map_v.rs"
verus succeeded with time: 14919ms, keeping it commented out
commenting out line Lines { lines: 1553..=1553 } in "tmp/8/delegation_map_v.rs"
verus succeeded with time: 15135ms, keeping it commented out
commenting out line Lines { lines: 1555..=1555 } in "tmp/8/delegation_map_v.rs"
verus failed with time: 13962ms, reverting
commenting out line Lines { lines: 1556..=1556 } in "tmp/8/delegation_map_v.rs"
verus failed with time: 13880ms, reverting
commenting out line Lines { lines: 1557..=1557 } in "tmp/8/delegation_map_v.rs"
verus succeeded with time: 14949ms, keeping it commented out
commenting out line Lines { lines: 1563..=1564 } in "tmp/8/delegation_map_v.rs"
verus succeeded with time: 14859ms, keeping it commented out
commenting out line Lines { lines: 1569..=1569 } in "tmp/8/delegation_map_v.rs"
verus succeeded with time: 15116ms, keeping it commented out
commenting out line Lines { lines: 1573..=1573 } in "tmp/8/delegation_map_v.rs"
verus succeeded with time: 14852ms, keeping it commented out
commenting out line Lines { lines: 1576..=1576 } in "tmp/8/delegation_map_v.rs"
verus failed with time: 13771ms, reverting
commenting out line Lines { lines: 1577..=1577 } in "tmp/8/delegation_map_v.rs"
verus failed with time: 13784ms, reverting
commenting out line Lines { lines: 1574..=1578 } in "tmp/8/delegation_map_v.rs"
verus failed with time: 13998ms, reverting
commenting out line Lines { lines: 1584..=1584 } in "tmp/8/delegation_map_v.rs"
verus succeeded with time: 14873ms, keeping it commented out
commenting out line Lines { lines: 1587..=1587 } in "tmp/8/delegation_map_v.rs"
verus failed with time: 13789ms, reverting
commenting out line Lines { lines: 1590..=1590 } in "tmp/8/delegation_map_v.rs"
verus failed with time: 13770ms, reverting
commenting out line Lines { lines: 1591..=1591 } in "tmp/8/delegation_map_v.rs"
verus failed with time: 14052ms, reverting
commenting out line Lines { lines: 1588..=1592 } in "tmp/8/delegation_map_v.rs"
verus failed with time: 13872ms, reverting
commenting out line Lines { lines: 1598..=1598 } in "tmp/8/delegation_map_v.rs"
verus succeeded with time: 14947ms, keeping it commented out
commenting out line Lines { lines: 1599..=1599 } in "tmp/8/delegation_map_v.rs"
verus succeeded with time: 14910ms, keeping it commented out
commenting out line Lines { lines: 1600..=1600 } in "tmp/8/delegation_map_v.rs"
verus succeeded with time: 15160ms, keeping it commented out
commenting out line Lines { lines: 1597..=1601 } in "tmp/8/delegation_map_v.rs"
verus succeeded with time: 14978ms, keeping it commented out
commenting out line Lines { lines: 1608..=1608 } in "tmp/8/delegation_map_v.rs"
verus succeeded with time: 14827ms, keeping it commented out
commenting out line Lines { lines: 1613..=1613 } in "tmp/8/delegation_map_v.rs"
verus succeeded with time: 14897ms, keeping it commented out
commenting out line Lines { lines: 1616..=1616 } in "tmp/8/delegation_map_v.rs"
verus succeeded with time: 15013ms, keeping it commented out
commenting out line Lines { lines: 1619..=1619 } in "tmp/8/delegation_map_v.rs"
verus failed with time: 13773ms, reverting
commenting out line Lines { lines: 1620..=1620 } in "tmp/8/delegation_map_v.rs"
verus failed with time: 13890ms, reverting
commenting out line Lines { lines: 1617..=1621 } in "tmp/8/delegation_map_v.rs"
verus failed with time: 13850ms, reverting
commenting out line Lines { lines: 1627..=1627 } in "tmp/8/delegation_map_v.rs"
verus succeeded with time: 15019ms, keeping it commented out
commenting out line Lines { lines: 1628..=1628 } in "tmp/8/delegation_map_v.rs"
verus succeeded with time: 14885ms, keeping it commented out
commenting out line Lines { lines: 1629..=1629 } in "tmp/8/delegation_map_v.rs"
verus succeeded with time: 14930ms, keeping it commented out
commenting out line Lines { lines: 1626..=1630 } in "tmp/8/delegation_map_v.rs"
verus succeeded with time: 14981ms, keeping it commented out
commenting out line Lines { lines: 1648..=1648 } in "tmp/8/delegation_map_v.rs"
verus succeeded with time: 14921ms, keeping it commented out
commenting out line Lines { lines: 1649..=1649 } in "tmp/8/delegation_map_v.rs"
verus succeeded with time: 14846ms, keeping it commented out
commenting out line Lines { lines: 1650..=1650 } in "tmp/8/delegation_map_v.rs"
verus succeeded with time: 14818ms, keeping it commented out
commenting out line Lines { lines: 1651..=1651 } in "tmp/8/delegation_map_v.rs"
verus succeeded with time: 14805ms, keeping it commented out
commenting out line Lines { lines: 1652..=1652 } in "tmp/8/delegation_map_v.rs"
verus succeeded with time: 14891ms, keeping it commented out
commenting out line Lines { lines: 1653..=1653 } in "tmp/8/delegation_map_v.rs"
verus succeeded with time: 15229ms, keeping it commented out
commenting out line Lines { lines: 1654..=1654 } in "tmp/8/delegation_map_v.rs"
verus failed with time: 13837ms, reverting
commenting out line Lines { lines: 1658..=1658 } in "tmp/8/delegation_map_v.rs"
verus succeeded with time: 14900ms, keeping it commented out
commenting out line Lines { lines: 1663..=1663 } in "tmp/8/delegation_map_v.rs"
verus failed with time: 13861ms, reverting
commenting out line Lines { lines: 1661..=1664 } in "tmp/8/delegation_map_v.rs"
verus failed with time: 13800ms, reverting
commenting out line Lines { lines: 1667..=1667 } in "tmp/8/delegation_map_v.rs"
verus failed with time: 13807ms, reverting
commenting out line Lines { lines: 1668..=1668 } in "tmp/8/delegation_map_v.rs"
verus failed with time: 13775ms, reverting
commenting out line Lines { lines: 1665..=1669 } in "tmp/8/delegation_map_v.rs"
verus failed with time: 13875ms, reverting
commenting out line Lines { lines: 1701..=1701 } in "tmp/8/delegation_map_v.rs"
verus succeeded with time: 15122ms, keeping it commented out
commenting out line Lines { lines: 1700..=1702 } in "tmp/8/delegation_map_v.rs"
verus succeeded with time: 14815ms, keeping it commented out
commenting out line Lines { lines: 1705..=1705 } in "tmp/8/delegation_map_v.rs"
verus failed with time: 13759ms, reverting
minimization of tmp/8/delegation_map_v.rs is completed
